2018-Apr-08 19:08:04 PM [main] INFO  com.luvai.model.Game - 



 ****************************** Initialising new game ********************************
2018-Apr-08 19:08:04 PM [main] INFO  com.luvai.model.Decks.AdventureDeck - Shuffling adventure deck...
2018-Apr-08 19:08:04 PM [main] INFO  com.luvai.model.Decks.StoryDeck - Shuffling story deck...

2018-Apr-08 19:08:13 PM [http-nio-8080-exec-7] INFO  com.luvai.controller.SocketHandler - New player attempting to connect...
2018-Apr-08 19:08:13 PM [http-nio-8080-exec-7] INFO  com.luvai.controller.SocketHandler - Player from session#0 connected
2018-Apr-08 19:08:18 PM [http-nio-8080-exec-8] INFO  com.luvai.model.Game - Player Player1 is enrolled in the game
2018-Apr-08 19:08:18 PM [http-nio-8080-exec-8] INFO  com.luvai.controller.SocketHandler - Setting up rigged game
2018-Apr-08 19:08:18 PM [http-nio-8080-exec-8] INFO  com.luvai.model.Decks.StoryDeck - Initiating rigged story deck
2018-Apr-08 19:08:19 PM [http-nio-8080-exec-5] INFO  com.luvai.controller.SocketHandler - New player attempting to connect...
2018-Apr-08 19:08:20 PM [http-nio-8080-exec-5] INFO  com.luvai.controller.SocketHandler - Player from session#1 connected
2018-Apr-08 19:08:21 PM [http-nio-8080-exec-6] INFO  com.luvai.model.AI.AbstractAI - Initiating new AI player
2018-Apr-08 19:08:21 PM [http-nio-8080-exec-6] INFO  com.luvai.model.AI.Strategy2 - Assigning new AI Player strategy Strategy2
2018-Apr-08 19:08:21 PM [http-nio-8080-exec-6] INFO  com.luvai.controller.AIController - Player AI_Player_888 is enrolled in the game
2018-Apr-08 19:08:21 PM [http-nio-8080-exec-6] INFO  com.luvai.controller.AIController - There are 2 spots available for AI players
2018-Apr-08 19:08:22 PM [http-nio-8080-exec-6] INFO  com.luvai.controller.SocketHandler - New player attempting to connect...
2018-Apr-08 19:08:22 PM [http-nio-8080-exec-6] INFO  com.luvai.controller.SocketHandler - Player from session#2 connected
2018-Apr-08 19:08:24 PM [http-nio-8080-exec-7] INFO  com.luvai.model.Game - Player Player3 is enrolled in the game
2018-Apr-08 19:08:26 PM [http-nio-8080-exec-10] INFO  com.luvai.controller.SocketHandler - New player attempting to connect...
2018-Apr-08 19:08:26 PM [http-nio-8080-exec-10] INFO  com.luvai.controller.SocketHandler - Player from session#3 connected
2018-Apr-08 19:08:27 PM [http-nio-8080-exec-2] INFO  com.luvai.model.Game - Player Player4 is enrolled in the game
2018-Apr-08 19:08:27 PM [http-nio-8080-exec-2] INFO  com.luvai.model.Game - All players have joined, starting game...
2018-Apr-08 19:08:27 PM [http-nio-8080-exec-2] INFO  com.luvai.model.Game - Player Player1 was just dealt a new hand consisting of Boar, Black Knight, Test of the Questing Beast, Dagger, Amour, Horse, Saxons, Merlin, Sword, Test of Temptation, Sword, Sir Gawain, 
2018-Apr-08 19:08:27 PM [http-nio-8080-exec-2] INFO  com.luvai.model.Game - Player AI_Player_888 was just dealt a new hand consisting of Sir Tristan, Test of Morgan Le Fey, Amour, Robber Knight, Dragon, Horse, Dagger, Horse, Battle-ax, Green Knight, Lance, Thieves, 
2018-Apr-08 19:08:27 PM [http-nio-8080-exec-2] INFO  com.luvai.model.Game - Player Player3 was just dealt a new hand consisting of Test of Valor, Black Knight, Saxons, Thieves, King Arthur, Excalibur, Amour, Test of Morgan Le Fey, Thieves, Dragon, Sir Galahad, Robber Knight, 
2018-Apr-08 19:08:27 PM [http-nio-8080-exec-2] INFO  com.luvai.model.Game - Player Player4 was just dealt a new hand consisting of King Arthur, Thieves, Saxons, Battle-ax, Boar, Lance, Sir Gawain, Sword, Dagger, Sword, Amour, Sir Lancelot, 
2018-Apr-08 19:08:27 PM [http-nio-8080-exec-2] INFO  com.luvai.model.Game - Updating GUI stats for all players
2018-Apr-08 19:08:29 PM [Thread-5] INFO  com.luvai.controller.SocketHandler - Player Player1 is flipping new card from story deck: At Camelot
2018-Apr-08 19:08:29 PM [Thread-5] INFO  com.luvai.controller.SocketHandler - New story card At Camelot is being rendered on player screens
2018-Apr-08 19:08:29 PM [Thread-5] INFO  com.luvai.controller.TournamentController - Initiating new tournament At Camelot
2018-Apr-08 19:08:33 PM [http-nio-8080-exec-2] INFO  com.luvai.controller.TournamentController - Player Player1 accepted to participate in Tournament At Camelot
2018-Apr-08 19:08:33 PM [http-nio-8080-exec-2] INFO  com.luvai.controller.TournamentController - Asking Player AI_Player_888 to participate in Tournament At Camelot
2018-Apr-08 19:08:33 PM [http-nio-8080-exec-2] INFO  com.luvai.controller.TournamentController - Informing other players that Player1 accepted to participate in Tournament At Camelot
2018-Apr-08 19:08:35 PM [http-nio-8080-exec-1] INFO  com.luvai.controller.TournamentController - Asking Player Player3 to participate in Tournament At Camelot
2018-Apr-08 19:15:56 PM [main] INFO  com.luvai.model.Game - 



 ****************************** Initialising new game ********************************
2018-Apr-08 19:15:56 PM [main] INFO  com.luvai.model.Decks.AdventureDeck - Shuffling adventure deck...
2018-Apr-08 19:15:56 PM [main] INFO  com.luvai.model.Decks.StoryDeck - Shuffling story deck...

2018-Apr-08 19:15:59 PM [http-nio-8080-exec-7] INFO  com.luvai.controller.SocketHandler - New player attempting to connect...
2018-Apr-08 19:15:59 PM [http-nio-8080-exec-7] INFO  com.luvai.controller.SocketHandler - Player from session#0 connected
2018-Apr-08 19:16:03 PM [http-nio-8080-exec-5] INFO  com.luvai.controller.SocketHandler - New player attempting to connect...
2018-Apr-08 19:16:03 PM [http-nio-8080-exec-5] INFO  com.luvai.controller.SocketHandler - Player from session#1 connected
2018-Apr-08 19:16:04 PM [http-nio-8080-exec-10] INFO  com.luvai.controller.SocketHandler - New player attempting to connect...
2018-Apr-08 19:16:04 PM [http-nio-8080-exec-10] INFO  com.luvai.controller.SocketHandler - Player from session#2 connected
2018-Apr-08 19:16:05 PM [http-nio-8080-exec-5] INFO  com.luvai.controller.SocketHandler - New player attempting to connect...
2018-Apr-08 19:16:05 PM [http-nio-8080-exec-5] INFO  com.luvai.controller.SocketHandler - Player from session#3 connected
2018-Apr-08 19:16:07 PM [http-nio-8080-exec-7] INFO  com.luvai.model.Game - Player Player1 is enrolled in the game
2018-Apr-08 19:16:07 PM [http-nio-8080-exec-7] INFO  com.luvai.controller.SocketHandler - Setting up rigged game
2018-Apr-08 19:16:07 PM [http-nio-8080-exec-7] INFO  com.luvai.model.Decks.StoryDeck - Initiating rigged story deck
2018-Apr-08 19:16:09 PM [http-nio-8080-exec-6] INFO  com.luvai.model.Game - Player Player2 is enrolled in the game
2018-Apr-08 19:16:11 PM [http-nio-8080-exec-8] INFO  com.luvai.model.AI.AbstractAI - Initiating new AI player
2018-Apr-08 19:16:11 PM [http-nio-8080-exec-8] INFO  com.luvai.model.AI.Strategy2 - Assigning new AI Player strategy Strategy2
2018-Apr-08 19:16:11 PM [http-nio-8080-exec-8] INFO  com.luvai.controller.AIController - Player AI_Player_79 is enrolled in the game
2018-Apr-08 19:16:11 PM [http-nio-8080-exec-8] INFO  com.luvai.controller.AIController - There are 1 spots available for AI players
2018-Apr-08 19:16:13 PM [http-nio-8080-exec-9] INFO  com.luvai.model.Game - Player Player3 is enrolled in the game
2018-Apr-08 19:16:13 PM [http-nio-8080-exec-9] INFO  com.luvai.model.Game - All players have joined, starting game...
2018-Apr-08 19:16:13 PM [http-nio-8080-exec-9] INFO  com.luvai.model.Game - Player Player1 was just dealt a new hand consisting of Boar, Black Knight, Test of the Questing Beast, Dagger, Amour, Horse, Saxons, Merlin, Sword, Test of Temptation, Sword, Sir Gawain, 
2018-Apr-08 19:16:13 PM [http-nio-8080-exec-9] INFO  com.luvai.model.Game - Player Player2 was just dealt a new hand consisting of Sir Tristan, Test of Morgan Le Fey, Amour, Robber Knight, Dragon, Horse, Dagger, Horse, Battle-ax, Green Knight, Lance, Thieves, 
2018-Apr-08 19:16:13 PM [http-nio-8080-exec-9] INFO  com.luvai.model.Game - Player AI_Player_79 was just dealt a new hand consisting of Test of Valor, Black Knight, Saxons, Thieves, King Arthur, Excalibur, Amour, Test of Morgan Le Fey, Thieves, Dragon, Sir Galahad, Robber Knight, 
2018-Apr-08 19:16:13 PM [http-nio-8080-exec-9] INFO  com.luvai.model.Game - Player Player3 was just dealt a new hand consisting of King Arthur, Thieves, Saxons, Battle-ax, Boar, Lance, Sir Gawain, Sword, Dagger, Sword, Amour, Sir Lancelot, 
2018-Apr-08 19:16:13 PM [http-nio-8080-exec-9] INFO  com.luvai.model.Game - Updating GUI stats for all players
2018-Apr-08 19:16:15 PM [Thread-5] INFO  com.luvai.controller.SocketHandler - Player Player1 is flipping new card from story deck: At Camelot
2018-Apr-08 19:16:15 PM [Thread-5] INFO  com.luvai.controller.SocketHandler - New story card At Camelot is being rendered on player screens
2018-Apr-08 19:16:15 PM [Thread-5] INFO  com.luvai.controller.TournamentController - Initiating new tournament At Camelot
2018-Apr-08 19:16:15 PM [http-nio-8080-exec-9] INFO  com.luvai.controller.TournamentController - Player Player1 accepted to participate in Tournament At Camelot
2018-Apr-08 19:16:15 PM [http-nio-8080-exec-9] INFO  com.luvai.controller.TournamentController - Asking Player Player2 to participate in Tournament At Camelot
2018-Apr-08 19:16:15 PM [http-nio-8080-exec-9] INFO  com.luvai.controller.TournamentController - Informing other players that Player1 accepted to participate in Tournament At Camelot
2018-Apr-08 19:16:17 PM [http-nio-8080-exec-6] INFO  com.luvai.controller.TournamentController - Player Player2 accepted to participate in Tournament At Camelot
2018-Apr-08 19:16:17 PM [http-nio-8080-exec-6] INFO  com.luvai.controller.TournamentController - Asking Player AI_Player_79 to participate in Tournament At Camelot
2018-Apr-08 19:16:17 PM [http-nio-8080-exec-6] INFO  com.luvai.controller.TournamentController - Informing other players that Player2 accepted to participate in Tournament At Camelot
2018-Apr-08 19:16:51 PM [main] INFO  com.luvai.model.Game - 



 ****************************** Initialising new game ********************************
2018-Apr-08 19:16:51 PM [main] INFO  com.luvai.model.Decks.AdventureDeck - Shuffling adventure deck...
2018-Apr-08 19:16:51 PM [main] INFO  com.luvai.model.Decks.StoryDeck - Shuffling story deck...

2018-Apr-08 19:16:53 PM [http-nio-8080-exec-7] INFO  com.luvai.controller.SocketHandler - New player attempting to connect...
2018-Apr-08 19:16:53 PM [http-nio-8080-exec-7] INFO  com.luvai.controller.SocketHandler - Player from session#0 connected
2018-Apr-08 19:16:54 PM [http-nio-8080-exec-2] INFO  com.luvai.controller.SocketHandler - New player attempting to connect...
2018-Apr-08 19:16:54 PM [http-nio-8080-exec-2] INFO  com.luvai.controller.SocketHandler - Player from session#1 connected
2018-Apr-08 19:16:55 PM [http-nio-8080-exec-4] INFO  com.luvai.controller.SocketHandler - New player attempting to connect...
2018-Apr-08 19:16:55 PM [http-nio-8080-exec-4] INFO  com.luvai.controller.SocketHandler - Player from session#2 connected
2018-Apr-08 19:16:56 PM [http-nio-8080-exec-5] INFO  com.luvai.controller.SocketHandler - New player attempting to connect...
2018-Apr-08 19:16:56 PM [http-nio-8080-exec-5] INFO  com.luvai.controller.SocketHandler - Player from session#3 connected
2018-Apr-08 19:17:07 PM [http-nio-8080-exec-3] INFO  com.luvai.model.Game - Player Player1 is enrolled in the game
2018-Apr-08 19:17:07 PM [http-nio-8080-exec-3] INFO  com.luvai.controller.SocketHandler - Setting up rigged game
2018-Apr-08 19:17:07 PM [http-nio-8080-exec-3] INFO  com.luvai.model.Decks.StoryDeck - Initiating rigged story deck
2018-Apr-08 19:17:20 PM [http-nio-8080-exec-6] INFO  com.luvai.model.Game - Player Player2 is enrolled in the game
2018-Apr-08 19:17:23 PM [http-nio-8080-exec-8] INFO  com.luvai.model.Game - Player Player3 is enrolled in the game
2018-Apr-08 19:17:25 PM [http-nio-8080-exec-7] INFO  com.luvai.model.Game - Player Player4 is enrolled in the game
2018-Apr-08 19:17:25 PM [http-nio-8080-exec-7] INFO  com.luvai.model.Game - All players have joined, starting game...
2018-Apr-08 19:17:25 PM [http-nio-8080-exec-7] INFO  com.luvai.model.Game - Player Player1 was just dealt a new hand consisting of Boar, Black Knight, Test of the Questing Beast, Dagger, Amour, Horse, Saxons, Merlin, Sword, Test of Temptation, Sword, Sir Gawain, 
2018-Apr-08 19:17:25 PM [http-nio-8080-exec-7] INFO  com.luvai.model.Game - Player Player2 was just dealt a new hand consisting of Sir Tristan, Test of Morgan Le Fey, Amour, Robber Knight, Dragon, Horse, Dagger, Horse, Battle-ax, Green Knight, Lance, Thieves, 
2018-Apr-08 19:17:25 PM [http-nio-8080-exec-7] INFO  com.luvai.model.Game - Player Player3 was just dealt a new hand consisting of Test of Valor, Black Knight, Saxons, Thieves, King Arthur, Excalibur, Amour, Test of Morgan Le Fey, Thieves, Dragon, Sir Galahad, Robber Knight, 
2018-Apr-08 19:17:25 PM [http-nio-8080-exec-7] INFO  com.luvai.model.Game - Player Player4 was just dealt a new hand consisting of King Arthur, Thieves, Saxons, Battle-ax, Boar, Lance, Sir Gawain, Sword, Dagger, Sword, Amour, Sir Lancelot, 
2018-Apr-08 19:17:25 PM [http-nio-8080-exec-7] INFO  com.luvai.model.Game - Updating GUI stats for all players
2018-Apr-08 19:17:27 PM [Thread-5] INFO  com.luvai.controller.SocketHandler - Player Player1 is flipping new card from story deck: At Camelot
2018-Apr-08 19:17:27 PM [Thread-5] INFO  com.luvai.controller.SocketHandler - New story card At Camelot is being rendered on player screens
2018-Apr-08 19:17:27 PM [Thread-5] INFO  com.luvai.controller.TournamentController - Initiating new tournament At Camelot
2018-Apr-08 19:17:31 PM [http-nio-8080-exec-9] INFO  com.luvai.controller.TournamentController - Player Player1 accepted to participate in Tournament At Camelot
2018-Apr-08 19:17:31 PM [http-nio-8080-exec-9] INFO  com.luvai.controller.TournamentController - Asking Player Player2 to participate in Tournament At Camelot
2018-Apr-08 19:17:31 PM [http-nio-8080-exec-9] INFO  com.luvai.controller.TournamentController - Informing other players that Player1 accepted to participate in Tournament At Camelot
2018-Apr-08 19:17:44 PM [main] INFO  com.luvai.model.Game - 



 ****************************** Initialising new game ********************************
2018-Apr-08 19:17:44 PM [main] INFO  com.luvai.model.Decks.AdventureDeck - Shuffling adventure deck...
2018-Apr-08 19:17:44 PM [main] INFO  com.luvai.model.Decks.StoryDeck - Shuffling story deck...

2018-Apr-08 19:17:46 PM [http-nio-8080-exec-7] INFO  com.luvai.controller.SocketHandler - New player attempting to connect...
2018-Apr-08 19:17:46 PM [http-nio-8080-exec-7] INFO  com.luvai.controller.SocketHandler - Player from session#0 connected
2018-Apr-08 19:17:47 PM [http-nio-8080-exec-3] INFO  com.luvai.controller.SocketHandler - New player attempting to connect...
2018-Apr-08 19:17:47 PM [http-nio-8080-exec-3] INFO  com.luvai.controller.SocketHandler - Player from session#1 connected
2018-Apr-08 19:17:48 PM [http-nio-8080-exec-4] INFO  com.luvai.controller.SocketHandler - New player attempting to connect...
2018-Apr-08 19:17:48 PM [http-nio-8080-exec-4] INFO  com.luvai.controller.SocketHandler - Player from session#2 connected
2018-Apr-08 19:17:49 PM [http-nio-8080-exec-9] INFO  com.luvai.controller.SocketHandler - New player attempting to connect...
2018-Apr-08 19:17:49 PM [http-nio-8080-exec-9] INFO  com.luvai.controller.SocketHandler - Player from session#3 connected
2018-Apr-08 19:17:49 PM [http-nio-8080-exec-10] INFO  com.luvai.controller.SocketHandler - New player attempting to connect...
2018-Apr-08 19:17:49 PM [http-nio-8080-exec-10] INFO  com.luvai.controller.SocketHandler - Player from session#4 connected
2018-Apr-08 19:17:53 PM [http-nio-8080-exec-2] INFO  com.luvai.model.Game - Player Player1 is enrolled in the game
2018-Apr-08 19:17:53 PM [http-nio-8080-exec-2] INFO  com.luvai.controller.SocketHandler - Setting up rigged game
2018-Apr-08 19:17:53 PM [http-nio-8080-exec-2] INFO  com.luvai.model.Decks.StoryDeck - Initiating rigged story deck
2018-Apr-08 19:17:55 PM [http-nio-8080-exec-5] INFO  com.luvai.model.Game - Player Player2 is enrolled in the game
2018-Apr-08 19:17:58 PM [http-nio-8080-exec-6] INFO  com.luvai.model.Game - Player Player3 is enrolled in the game
2018-Apr-08 19:18:00 PM [http-nio-8080-exec-3] INFO  com.luvai.model.AI.AbstractAI - Initiating new AI player
2018-Apr-08 19:18:00 PM [http-nio-8080-exec-3] INFO  com.luvai.model.AI.Strategy2 - Assigning new AI Player strategy Strategy2
2018-Apr-08 19:18:00 PM [http-nio-8080-exec-3] INFO  com.luvai.controller.AIController - Player AI_Player_781 is enrolled in the game
2018-Apr-08 19:18:00 PM [http-nio-8080-exec-3] INFO  com.luvai.controller.AIController - There are 0 spots available for AI players
2018-Apr-08 19:18:00 PM [http-nio-8080-exec-3] INFO  com.luvai.controller.AIController - All players have joined, starting game...
2018-Apr-08 19:18:00 PM [http-nio-8080-exec-3] INFO  com.luvai.controller.AIController - Player Player1 was just dealt a new hand consisting of Boar, Black Knight, Test of the Questing Beast, Dagger, Amour, Horse, Saxons, Merlin, Sword, Test of Temptation, Sword, Sir Gawain, 
2018-Apr-08 19:18:00 PM [http-nio-8080-exec-3] INFO  com.luvai.controller.AIController - Player Player2 was just dealt a new hand consisting of Sir Tristan, Test of Morgan Le Fey, Amour, Robber Knight, Dragon, Horse, Dagger, Horse, Battle-ax, Green Knight, Lance, Thieves, 
2018-Apr-08 19:18:00 PM [http-nio-8080-exec-3] INFO  com.luvai.controller.AIController - Player Player3 was just dealt a new hand consisting of Test of Valor, Black Knight, Saxons, Thieves, King Arthur, Excalibur, Amour, Test of Morgan Le Fey, Thieves, Dragon, Sir Galahad, Robber Knight, 
2018-Apr-08 19:18:00 PM [http-nio-8080-exec-3] INFO  com.luvai.controller.AIController - Player AI_Player_781 was just dealt a new hand consisting of King Arthur, Thieves, Saxons, Battle-ax, Boar, Lance, Sir Gawain, Sword, Dagger, Sword, Amour, Sir Lancelot, 
2018-Apr-08 19:18:02 PM [Thread-5] INFO  com.luvai.controller.SocketHandler - Player Player1 is flipping new card from story deck: At Camelot
2018-Apr-08 19:18:02 PM [Thread-5] INFO  com.luvai.controller.SocketHandler - New story card At Camelot is being rendered on player screens
2018-Apr-08 19:18:02 PM [Thread-5] INFO  com.luvai.controller.TournamentController - Initiating new tournament At Camelot
2018-Apr-08 19:18:04 PM [http-nio-8080-exec-1] INFO  com.luvai.controller.TournamentController - Player Player1 accepted to participate in Tournament At Camelot
2018-Apr-08 19:18:04 PM [http-nio-8080-exec-1] INFO  com.luvai.controller.TournamentController - Asking Player Player2 to participate in Tournament At Camelot
2018-Apr-08 19:18:04 PM [http-nio-8080-exec-1] INFO  com.luvai.controller.TournamentController - Informing other players that Player1 accepted to participate in Tournament At Camelot
2018-Apr-08 19:18:05 PM [http-nio-8080-exec-3] INFO  com.luvai.controller.TournamentController - Player Player2 declined to participate in Tournament At Camelot
2018-Apr-08 19:18:05 PM [http-nio-8080-exec-3] INFO  com.luvai.controller.TournamentController - Asking Player Player3 to participate in Tournament At Camelot
2018-Apr-08 19:18:05 PM [http-nio-8080-exec-3] INFO  com.luvai.controller.TournamentController - Informing other players that Player2 declined to participate in Tournament At Camelot
2018-Apr-08 19:18:07 PM [http-nio-8080-exec-4] INFO  com.luvai.controller.TournamentController - Player Player3 accepted to participate in Tournament At Camelot
2018-Apr-08 19:18:07 PM [http-nio-8080-exec-4] INFO  com.luvai.controller.TournamentController - Asking Player AI_Player_781 to participate in Tournament At Camelot
2018-Apr-08 19:18:07 PM [http-nio-8080-exec-4] INFO  com.luvai.controller.TournamentController - Informing other players that Player3 accepted to participate in Tournament At Camelot
2018-Apr-08 19:22:46 PM [main] INFO  com.luvai.model.Game - 



 ****************************** Initialising new game ********************************
2018-Apr-08 19:22:46 PM [main] INFO  com.luvai.model.Decks.AdventureDeck - Shuffling adventure deck...
2018-Apr-08 19:22:46 PM [main] INFO  com.luvai.model.Decks.StoryDeck - Shuffling story deck...

2018-Apr-08 19:22:49 PM [http-nio-8080-exec-7] INFO  com.luvai.controller.SocketHandler - New player attempting to connect...
2018-Apr-08 19:22:49 PM [http-nio-8080-exec-7] INFO  com.luvai.controller.SocketHandler - Player from session#0 connected
2018-Apr-08 19:22:50 PM [http-nio-8080-exec-2] INFO  com.luvai.controller.SocketHandler - New player attempting to connect...
2018-Apr-08 19:22:50 PM [http-nio-8080-exec-2] INFO  com.luvai.controller.SocketHandler - Player from session#1 connected
2018-Apr-08 19:22:51 PM [http-nio-8080-exec-1] INFO  com.luvai.controller.SocketHandler - New player attempting to connect...
2018-Apr-08 19:22:51 PM [http-nio-8080-exec-1] INFO  com.luvai.controller.SocketHandler - Player from session#2 connected
2018-Apr-08 19:22:52 PM [http-nio-8080-exec-2] INFO  com.luvai.controller.SocketHandler - New player attempting to connect...
2018-Apr-08 19:22:52 PM [http-nio-8080-exec-2] INFO  com.luvai.controller.SocketHandler - Player from session#3 connected
2018-Apr-08 19:22:54 PM [http-nio-8080-exec-6] INFO  com.luvai.model.Game - Player Player1 is enrolled in the game
2018-Apr-08 19:22:54 PM [http-nio-8080-exec-6] INFO  com.luvai.controller.SocketHandler - Setting up rigged game
2018-Apr-08 19:22:54 PM [http-nio-8080-exec-6] INFO  com.luvai.model.Decks.StoryDeck - Initiating rigged story deck
2018-Apr-08 19:22:56 PM [http-nio-8080-exec-8] INFO  com.luvai.model.AI.AbstractAI - Initiating new AI player
2018-Apr-08 19:22:56 PM [http-nio-8080-exec-8] INFO  com.luvai.model.AI.Strategy2 - Assigning new AI Player strategy Strategy2
2018-Apr-08 19:22:56 PM [http-nio-8080-exec-8] INFO  com.luvai.controller.AIController - Player AI_Player_438 is enrolled in the game
2018-Apr-08 19:22:56 PM [http-nio-8080-exec-8] INFO  com.luvai.controller.AIController - There are 2 spots available for AI players
2018-Apr-08 19:22:58 PM [http-nio-8080-exec-7] INFO  com.luvai.model.Game - Player 2 is enrolled in the game
2018-Apr-08 19:23:01 PM [http-nio-8080-exec-10] INFO  com.luvai.model.Game - Player Player3 is enrolled in the game
2018-Apr-08 19:23:01 PM [http-nio-8080-exec-10] INFO  com.luvai.model.Game - All players have joined, starting game...
2018-Apr-08 19:23:01 PM [http-nio-8080-exec-10] INFO  com.luvai.model.Game - Player Player1 was just dealt a new hand consisting of Boar, Black Knight, Test of the Questing Beast, Dagger, Amour, Horse, Saxons, Merlin, Sword, Test of Temptation, Sword, Sir Gawain, 
2018-Apr-08 19:23:01 PM [http-nio-8080-exec-10] INFO  com.luvai.model.Game - Player AI_Player_438 was just dealt a new hand consisting of Sir Tristan, Test of Morgan Le Fey, Amour, Robber Knight, Dragon, Horse, Dagger, Horse, Battle-ax, Green Knight, Lance, Thieves, 
2018-Apr-08 19:23:01 PM [http-nio-8080-exec-10] INFO  com.luvai.model.Game - Player 2 was just dealt a new hand consisting of Test of Valor, Black Knight, Saxons, Thieves, King Arthur, Excalibur, Amour, Test of Morgan Le Fey, Thieves, Dragon, Sir Galahad, Robber Knight, 
2018-Apr-08 19:23:01 PM [http-nio-8080-exec-10] INFO  com.luvai.model.Game - Player Player3 was just dealt a new hand consisting of King Arthur, Thieves, Saxons, Battle-ax, Boar, Lance, Sir Gawain, Sword, Dagger, Sword, Amour, Sir Lancelot, 
2018-Apr-08 19:23:01 PM [http-nio-8080-exec-10] INFO  com.luvai.model.Game - Updating GUI stats for all players
2018-Apr-08 19:23:04 PM [Thread-5] INFO  com.luvai.controller.SocketHandler - Player Player1 is flipping new card from story deck: At Camelot
2018-Apr-08 19:23:04 PM [Thread-5] INFO  com.luvai.controller.SocketHandler - New story card At Camelot is being rendered on player screens
2018-Apr-08 19:23:04 PM [Thread-5] INFO  com.luvai.controller.TournamentController - Initiating new tournament At Camelot
2018-Apr-08 19:23:06 PM [http-nio-8080-exec-9] INFO  com.luvai.controller.TournamentController - Player Player1 accepted to participate in Tournament At Camelot
2018-Apr-08 19:23:06 PM [http-nio-8080-exec-9] INFO  com.luvai.controller.TournamentController - Asking Player AI_Player_438 to participate in Tournament At Camelot
2018-Apr-08 19:23:06 PM [http-nio-8080-exec-9] INFO  com.luvai.controller.TournamentController - Informing other players that Player1 accepted to participate in Tournament At Camelot
2018-Apr-08 19:23:08 PM [http-nio-8080-exec-1] INFO  com.luvai.controller.AIController - Player AI_Player_438 accepted to participate in Tournament At Camelot
2018-Apr-08 19:23:08 PM [http-nio-8080-exec-1] INFO  com.luvai.controller.TournamentController - Asking Player 2 to participate in Tournament At Camelot
2018-Apr-08 19:23:08 PM [http-nio-8080-exec-1] INFO  com.luvai.controller.AIController - Informing other players that AI_Player_438 accepted to participate in Tournament At Camelot
2018-Apr-08 19:23:19 PM [http-nio-8080-exec-10] INFO  com.luvai.controller.TournamentController - Player 2 declined to participate in Tournament At Camelot
2018-Apr-08 19:23:19 PM [http-nio-8080-exec-10] INFO  com.luvai.controller.TournamentController - Asking Player Player3 to participate in Tournament At Camelot
2018-Apr-08 19:23:19 PM [http-nio-8080-exec-10] INFO  com.luvai.controller.TournamentController - Informing other players that 2 declined to participate in Tournament At Camelot
2018-Apr-08 19:23:21 PM [http-nio-8080-exec-8] INFO  com.luvai.controller.TournamentController - Player Player3 accepted to participate in Tournament At Camelot
2018-Apr-08 19:23:21 PM [http-nio-8080-exec-8] INFO  com.luvai.controller.TournamentController - All player decisions accepted, starting Tournament At Camelot
2018-Apr-08 19:23:21 PM [http-nio-8080-exec-8] INFO  com.luvai.controller.TournamentController - Tournament At Camelot starting with participants: Player1, AI_Player_438, Player3, 
2018-Apr-08 19:23:21 PM [http-nio-8080-exec-8] INFO  com.luvai.controller.TournamentController - Player Player1 receiving one card: Sword before choosing equipment
2018-Apr-08 19:23:21 PM [http-nio-8080-exec-8] INFO  com.luvai.controller.TournamentController - Player AI_Player_438 receiving one card: Dragon before choosing equipment
2018-Apr-08 19:23:21 PM [http-nio-8080-exec-8] INFO  com.luvai.controller.TournamentController - Player Player3 receiving one card: Amour before choosing equipment
2018-Apr-08 19:23:21 PM [http-nio-8080-exec-8] INFO  com.luvai.controller.TournamentController - All tournament participants are choosing equipment concurrently
2018-Apr-08 19:23:21 PM [http-nio-8080-exec-8] INFO  com.luvai.controller.TournamentController - Informing other players that Player3 accepted to participate in Tournament At Camelot
