2018-04-09 22:55:23.017  INFO 20814 --- [main] com.luvai.MainApp                        : Starting MainApp v0.0.1-SNAPSHOT on archlinux with PID 20814 (/home/luvai/GitHub/springmvc/team35-quest/target/spring-quest-0.0.1-SNAPSHOT.war started by luvai in /home/luvai/GitHub/springmvc/team35-quest/target)
2018-04-09 22:55:23.020  INFO 20814 --- [main] com.luvai.MainApp                        : No active profile set, falling back to default profiles: default
2018-04-09 22:55:23.103  INFO 20814 --- [main] ationConfigEmbeddedWebApplicationContext : Refreshing org.springframework.boot.context.embedded.AnnotationConfigEmbeddedWebApplicationContext@6e5e91e4: startup date [Mon Apr 09 22:55:23 EDT 2018]; root of context hierarchy
2018-04-09 22:55:24.162  INFO 20814 --- [main] s.b.c.e.t.TomcatEmbeddedServletContainer : Tomcat initialized with port(s): 8080 (http)
2018-04-09 22:55:24.175  INFO 20814 --- [main] o.apache.catalina.core.StandardService   : Starting service [Tomcat]
2018-04-09 22:55:24.179  INFO 20814 --- [main] org.apache.catalina.core.StandardEngine  : Starting Servlet Engine: Apache Tomcat/8.5.15
2018-04-09 22:55:24.937  INFO 20814 --- [localhost-startStop-1] org.apache.jasper.servlet.TldScanner     : At least one JAR was scanned for TLDs yet contained no TLDs. Enable debug logging for this logger for a complete list of JARs that were scanned but no TLDs were found in them. Skipping unneeded JARs during scanning can improve startup time and JSP compilation time.
2018-04-09 22:55:25.250  INFO 20814 --- [localhost-startStop-1] o.a.c.c.C.[Tomcat].[localhost].[/]       : Initializing Spring embedded WebApplicationContext
2018-04-09 22:55:25.251  INFO 20814 --- [localhost-startStop-1] o.s.web.context.ContextLoader            : Root WebApplicationContext: initialization completed in 2151 ms
2018-04-09 22:55:25.345  INFO 20814 --- [localhost-startStop-1] o.s.b.w.servlet.ServletRegistrationBean  : Mapping servlet: 'dispatcherServlet' to [/]
2018-04-09 22:55:25.348  INFO 20814 --- [localhost-startStop-1] o.s.b.w.servlet.FilterRegistrationBean   : Mapping filter: 'characterEncodingFilter' to: [/*]
2018-04-09 22:55:25.348  INFO 20814 --- [localhost-startStop-1] o.s.b.w.servlet.FilterRegistrationBean   : Mapping filter: 'hiddenHttpMethodFilter' to: [/*]
2018-04-09 22:55:25.348  INFO 20814 --- [localhost-startStop-1] o.s.b.w.servlet.FilterRegistrationBean   : Mapping filter: 'httpPutFormContentFilter' to: [/*]
2018-04-09 22:55:25.348  INFO 20814 --- [localhost-startStop-1] o.s.b.w.servlet.FilterRegistrationBean   : Mapping filter: 'requestContextFilter' to: [/*]
2018-Apr-09 22:55:25 PM [main] INFO  com.luvai.model.Game - 



 ****************************** Initialising new game ********************************
2018-Apr-09 22:55:25 PM [main] INFO  com.luvai.model.Decks.AdventureDeck - Shuffling adventure deck...
2018-Apr-09 22:55:25 PM [main] INFO  com.luvai.model.Decks.StoryDeck - Shuffling story deck...

2018-04-09 22:55:25.620  INFO 20814 --- [main] o.s.s.c.ThreadPoolTaskScheduler          : Initializing ExecutorService  'defaultSockJsTaskScheduler'
2018-04-09 22:55:25.639  INFO 20814 --- [main] o.s.w.s.s.s.WebSocketHandlerMapping      : Mapped URL path [/socketHandler] onto handler of type [class org.springframework.web.socket.server.support.WebSocketHttpRequestHandler]
2018-04-09 22:55:25.840  INFO 20814 --- [main] s.w.s.m.m.a.RequestMappingHandlerAdapter : Looking for @ControllerAdvice: org.springframework.boot.context.embedded.AnnotationConfigEmbeddedWebApplicationContext@6e5e91e4: startup date [Mon Apr 09 22:55:23 EDT 2018]; root of context hierarchy
2018-04-09 22:55:25.895  INFO 20814 --- [main] s.w.s.m.m.a.RequestMappingHandlerMapping : Mapped "{[/],methods=[GET]}" onto public java.lang.String com.luvai.controller.MainController.index(org.springframework.ui.ModelMap)
2018-04-09 22:55:25.898  INFO 20814 --- [main] s.w.s.m.m.a.RequestMappingHandlerMapping : Mapped "{[/error],produces=[text/html]}" onto public org.springframework.web.servlet.ModelAndView org.springframework.boot.autoconfigure.web.BasicErrorController.errorHtml(javax.servlet.http.HttpServletRequest,javax.servlet.http.HttpServletResponse)
2018-04-09 22:55:25.899  INFO 20814 --- [main] s.w.s.m.m.a.RequestMappingHandlerMapping : Mapped "{[/error]}" onto public org.springframework.http.ResponseEntity<java.util.Map<java.lang.String, java.lang.Object>> org.springframework.boot.autoconfigure.web.BasicErrorController.error(javax.servlet.http.HttpServletRequest)
2018-04-09 22:55:25.921  INFO 20814 --- [main] o.s.w.s.handler.SimpleUrlHandlerMapping  : Mapped URL path [/webjars/**] onto handler of type [class org.springframework.web.servlet.resource.ResourceHttpRequestHandler]
2018-04-09 22:55:25.921  INFO 20814 --- [main] o.s.w.s.handler.SimpleUrlHandlerMapping  : Mapped URL path [/resources/**] onto handler of type [class org.springframework.web.servlet.resource.ResourceHttpRequestHandler]
2018-04-09 22:55:25.952  INFO 20814 --- [main] o.s.w.s.handler.SimpleUrlHandlerMapping  : Mapped URL path [/**/favicon.ico] onto handler of type [class org.springframework.web.servlet.resource.ResourceHttpRequestHandler]
2018-04-09 22:55:26.086  INFO 20814 --- [main] o.s.j.e.a.AnnotationMBeanExporter        : Registering beans for JMX exposure on startup
2018-04-09 22:55:26.092  INFO 20814 --- [main] o.s.c.support.DefaultLifecycleProcessor  : Starting beans in phase 2147483647
2018-04-09 22:55:26.155  INFO 20814 --- [main] s.b.c.e.t.TomcatEmbeddedServletContainer : Tomcat started on port(s): 8080 (http)
2018-04-09 22:55:26.159  INFO 20814 --- [main] com.luvai.MainApp                        : Started MainApp in 3.4 seconds (JVM running for 3.74)
2018-04-09 22:55:32.572  INFO 20814 --- [http-nio-8080-exec-1] o.a.c.c.C.[Tomcat].[localhost].[/]       : Initializing Spring FrameworkServlet 'dispatcherServlet'
2018-04-09 22:55:32.573  INFO 20814 --- [http-nio-8080-exec-1] o.s.web.servlet.DispatcherServlet        : FrameworkServlet 'dispatcherServlet': initialization started
2018-04-09 22:55:32.989  INFO 20814 --- [http-nio-8080-exec-1] o.s.web.servlet.DispatcherServlet        : FrameworkServlet 'dispatcherServlet': initialization completed in 416 ms
2018-Apr-09 22:56:08 PM [http-nio-8080-exec-2] INFO  com.luvai.controller.SocketHandler - New player attempting to connect...
2018-Apr-09 22:56:08 PM [http-nio-8080-exec-2] INFO  com.luvai.controller.SocketHandler - Player from session#0 connected
2018-Apr-09 22:56:19 PM [http-nio-8080-exec-10] INFO  com.luvai.controller.SocketHandler - New player attempting to connect...
2018-Apr-09 22:56:19 PM [http-nio-8080-exec-10] INFO  com.luvai.controller.SocketHandler - Player from session#1 connected
2018-04-09 22:56:22.354  INFO 20814 --- [Thread-3] ationConfigEmbeddedWebApplicationContext : Closing org.springframework.boot.context.embedded.AnnotationConfigEmbeddedWebApplicationContext@6e5e91e4: startup date [Mon Apr 09 22:55:23 EDT 2018]; root of context hierarchy
2018-04-09 22:56:22.357  INFO 20814 --- [Thread-3] o.s.c.support.DefaultLifecycleProcessor  : Stopping beans in phase 2147483647
2018-04-09 22:56:22.359  INFO 20814 --- [Thread-3] o.s.j.e.a.AnnotationMBeanExporter        : Unregistering JMX-exposed beans on shutdown
2018-04-09 22:56:22.360  INFO 20814 --- [Thread-3] o.s.s.c.ThreadPoolTaskScheduler          : Shutting down ExecutorService 'defaultSockJsTaskScheduler'
2018-04-09 22:56:27.610  INFO 20892 --- [main] com.luvai.MainApp                        : Starting MainApp v0.0.1-SNAPSHOT on archlinux with PID 20892 (/home/luvai/GitHub/springmvc/team35-quest/target/spring-quest-0.0.1-SNAPSHOT.war started by luvai in /home/luvai/GitHub/springmvc/team35-quest/target)
2018-04-09 22:56:27.613  INFO 20892 --- [main] com.luvai.MainApp                        : No active profile set, falling back to default profiles: default
2018-04-09 22:56:27.661  INFO 20892 --- [main] ationConfigEmbeddedWebApplicationContext : Refreshing org.springframework.boot.context.embedded.AnnotationConfigEmbeddedWebApplicationContext@6e5e91e4: startup date [Mon Apr 09 22:56:27 EDT 2018]; root of context hierarchy
2018-04-09 22:56:28.742  INFO 20892 --- [main] s.b.c.e.t.TomcatEmbeddedServletContainer : Tomcat initialized with port(s): 8080 (http)
2018-04-09 22:56:28.755  INFO 20892 --- [main] o.apache.catalina.core.StandardService   : Starting service [Tomcat]
2018-04-09 22:56:28.757  INFO 20892 --- [main] org.apache.catalina.core.StandardEngine  : Starting Servlet Engine: Apache Tomcat/8.5.15
2018-04-09 22:56:29.532  INFO 20892 --- [localhost-startStop-1] org.apache.jasper.servlet.TldScanner     : At least one JAR was scanned for TLDs yet contained no TLDs. Enable debug logging for this logger for a complete list of JARs that were scanned but no TLDs were found in them. Skipping unneeded JARs during scanning can improve startup time and JSP compilation time.
2018-04-09 22:56:29.843  INFO 20892 --- [localhost-startStop-1] o.a.c.c.C.[Tomcat].[localhost].[/]       : Initializing Spring embedded WebApplicationContext
2018-04-09 22:56:29.843  INFO 20892 --- [localhost-startStop-1] o.s.web.context.ContextLoader            : Root WebApplicationContext: initialization completed in 2185 ms
2018-04-09 22:56:29.938  INFO 20892 --- [localhost-startStop-1] o.s.b.w.servlet.ServletRegistrationBean  : Mapping servlet: 'dispatcherServlet' to [/]
2018-04-09 22:56:29.941  INFO 20892 --- [localhost-startStop-1] o.s.b.w.servlet.FilterRegistrationBean   : Mapping filter: 'characterEncodingFilter' to: [/*]
2018-04-09 22:56:29.942  INFO 20892 --- [localhost-startStop-1] o.s.b.w.servlet.FilterRegistrationBean   : Mapping filter: 'hiddenHttpMethodFilter' to: [/*]
2018-04-09 22:56:29.942  INFO 20892 --- [localhost-startStop-1] o.s.b.w.servlet.FilterRegistrationBean   : Mapping filter: 'httpPutFormContentFilter' to: [/*]
2018-04-09 22:56:29.942  INFO 20892 --- [localhost-startStop-1] o.s.b.w.servlet.FilterRegistrationBean   : Mapping filter: 'requestContextFilter' to: [/*]
2018-Apr-09 22:56:30 PM [main] INFO  com.luvai.model.Game - 



 ****************************** Initialising new game ********************************
2018-Apr-09 22:56:30 PM [main] INFO  com.luvai.model.Decks.AdventureDeck - Shuffling adventure deck...
2018-Apr-09 22:56:30 PM [main] INFO  com.luvai.model.Decks.StoryDeck - Shuffling story deck...

2018-04-09 22:56:30.231  INFO 20892 --- [main] o.s.s.c.ThreadPoolTaskScheduler          : Initializing ExecutorService  'defaultSockJsTaskScheduler'
2018-04-09 22:56:30.251  INFO 20892 --- [main] o.s.w.s.s.s.WebSocketHandlerMapping      : Mapped URL path [/socketHandler] onto handler of type [class org.springframework.web.socket.server.support.WebSocketHttpRequestHandler]
2018-04-09 22:56:30.466  INFO 20892 --- [main] s.w.s.m.m.a.RequestMappingHandlerAdapter : Looking for @ControllerAdvice: org.springframework.boot.context.embedded.AnnotationConfigEmbeddedWebApplicationContext@6e5e91e4: startup date [Mon Apr 09 22:56:27 EDT 2018]; root of context hierarchy
2018-04-09 22:56:30.521  INFO 20892 --- [main] s.w.s.m.m.a.RequestMappingHandlerMapping : Mapped "{[/],methods=[GET]}" onto public java.lang.String com.luvai.controller.MainController.index(org.springframework.ui.ModelMap)
2018-04-09 22:56:30.523  INFO 20892 --- [main] s.w.s.m.m.a.RequestMappingHandlerMapping : Mapped "{[/error],produces=[text/html]}" onto public org.springframework.web.servlet.ModelAndView org.springframework.boot.autoconfigure.web.BasicErrorController.errorHtml(javax.servlet.http.HttpServletRequest,javax.servlet.http.HttpServletResponse)
2018-04-09 22:56:30.524  INFO 20892 --- [main] s.w.s.m.m.a.RequestMappingHandlerMapping : Mapped "{[/error]}" onto public org.springframework.http.ResponseEntity<java.util.Map<java.lang.String, java.lang.Object>> org.springframework.boot.autoconfigure.web.BasicErrorController.error(javax.servlet.http.HttpServletRequest)
2018-04-09 22:56:30.546  INFO 20892 --- [main] o.s.w.s.handler.SimpleUrlHandlerMapping  : Mapped URL path [/webjars/**] onto handler of type [class org.springframework.web.servlet.resource.ResourceHttpRequestHandler]
2018-04-09 22:56:30.547  INFO 20892 --- [main] o.s.w.s.handler.SimpleUrlHandlerMapping  : Mapped URL path [/resources/**] onto handler of type [class org.springframework.web.servlet.resource.ResourceHttpRequestHandler]
2018-04-09 22:56:30.577  INFO 20892 --- [main] o.s.w.s.handler.SimpleUrlHandlerMapping  : Mapped URL path [/**/favicon.ico] onto handler of type [class org.springframework.web.servlet.resource.ResourceHttpRequestHandler]
2018-04-09 22:56:30.710  INFO 20892 --- [main] o.s.j.e.a.AnnotationMBeanExporter        : Registering beans for JMX exposure on startup
2018-04-09 22:56:30.715  INFO 20892 --- [main] o.s.c.support.DefaultLifecycleProcessor  : Starting beans in phase 2147483647
2018-04-09 22:56:30.778  INFO 20892 --- [main] s.b.c.e.t.TomcatEmbeddedServletContainer : Tomcat started on port(s): 8080 (http)
2018-04-09 22:56:30.782  INFO 20892 --- [main] com.luvai.MainApp                        : Started MainApp in 3.428 seconds (JVM running for 3.77)
2018-04-09 22:56:31.635  INFO 20892 --- [http-nio-8080-exec-1] o.a.c.c.C.[Tomcat].[localhost].[/]       : Initializing Spring FrameworkServlet 'dispatcherServlet'
2018-04-09 22:56:31.635  INFO 20892 --- [http-nio-8080-exec-1] o.s.web.servlet.DispatcherServlet        : FrameworkServlet 'dispatcherServlet': initialization started
2018-04-09 22:56:31.984  INFO 20892 --- [http-nio-8080-exec-1] o.s.web.servlet.DispatcherServlet        : FrameworkServlet 'dispatcherServlet': initialization completed in 349 ms
2018-Apr-09 22:56:33 PM [http-nio-8080-exec-7] INFO  com.luvai.controller.SocketHandler - New player attempting to connect...
2018-Apr-09 22:56:33 PM [http-nio-8080-exec-7] INFO  com.luvai.controller.SocketHandler - Player from session#0 connected
2018-Apr-09 22:57:38 PM [http-nio-8080-exec-3] INFO  com.luvai.model.Game - Player PlayerC is enrolled in the game
2018-Apr-09 22:57:38 PM [http-nio-8080-exec-3] INFO  com.luvai.controller.SocketHandler - Setting up rigged game
2018-Apr-09 22:57:38 PM [http-nio-8080-exec-3] INFO  com.luvai.model.Decks.StoryDeck - Initiating rigged story deck
2018-Apr-09 22:58:08 PM [http-nio-8080-exec-9] INFO  com.luvai.controller.SocketHandler - New player attempting to connect...
2018-Apr-09 22:58:08 PM [http-nio-8080-exec-9] INFO  com.luvai.controller.SocketHandler - Player from session#1 connected
2018-Apr-09 22:58:24 PM [http-nio-8080-exec-10] INFO  com.luvai.model.Game - Player Player5 is enrolled in the game
2018-04-09 22:58:50.293  INFO 20892 --- [Thread-3] ationConfigEmbeddedWebApplicationContext : Closing org.springframework.boot.context.embedded.AnnotationConfigEmbeddedWebApplicationContext@6e5e91e4: startup date [Mon Apr 09 22:56:27 EDT 2018]; root of context hierarchy
2018-04-09 22:58:50.296  INFO 20892 --- [Thread-3] o.s.c.support.DefaultLifecycleProcessor  : Stopping beans in phase 2147483647
2018-04-09 22:58:50.299  INFO 20892 --- [Thread-3] o.s.j.e.a.AnnotationMBeanExporter        : Unregistering JMX-exposed beans on shutdown
2018-04-09 22:58:50.300  INFO 20892 --- [Thread-3] o.s.s.c.ThreadPoolTaskScheduler          : Shutting down ExecutorService 'defaultSockJsTaskScheduler'
2018-04-09 22:58:54.179  INFO 20979 --- [main] com.luvai.MainApp                        : Starting MainApp v0.0.1-SNAPSHOT on archlinux with PID 20979 (/home/luvai/GitHub/springmvc/team35-quest/target/spring-quest-0.0.1-SNAPSHOT.war started by luvai in /home/luvai/GitHub/springmvc/team35-quest/target)
2018-04-09 22:58:54.183  INFO 20979 --- [main] com.luvai.MainApp                        : No active profile set, falling back to default profiles: default
2018-04-09 22:58:54.231  INFO 20979 --- [main] ationConfigEmbeddedWebApplicationContext : Refreshing org.springframework.boot.context.embedded.AnnotationConfigEmbeddedWebApplicationContext@6e5e91e4: startup date [Mon Apr 09 22:58:54 EDT 2018]; root of context hierarchy
2018-04-09 22:58:55.353  INFO 20979 --- [main] s.b.c.e.t.TomcatEmbeddedServletContainer : Tomcat initialized with port(s): 8080 (http)
2018-04-09 22:58:55.372  INFO 20979 --- [main] o.apache.catalina.core.StandardService   : Starting service [Tomcat]
2018-04-09 22:58:55.374  INFO 20979 --- [main] org.apache.catalina.core.StandardEngine  : Starting Servlet Engine: Apache Tomcat/8.5.15
2018-04-09 22:58:56.141  INFO 20979 --- [localhost-startStop-1] org.apache.jasper.servlet.TldScanner     : At least one JAR was scanned for TLDs yet contained no TLDs. Enable debug logging for this logger for a complete list of JARs that were scanned but no TLDs were found in them. Skipping unneeded JARs during scanning can improve startup time and JSP compilation time.
2018-04-09 22:58:56.448  INFO 20979 --- [localhost-startStop-1] o.a.c.c.C.[Tomcat].[localhost].[/]       : Initializing Spring embedded WebApplicationContext
2018-04-09 22:58:56.449  INFO 20979 --- [localhost-startStop-1] o.s.web.context.ContextLoader            : Root WebApplicationContext: initialization completed in 2220 ms
2018-04-09 22:58:56.546  INFO 20979 --- [localhost-startStop-1] o.s.b.w.servlet.ServletRegistrationBean  : Mapping servlet: 'dispatcherServlet' to [/]
2018-04-09 22:58:56.549  INFO 20979 --- [localhost-startStop-1] o.s.b.w.servlet.FilterRegistrationBean   : Mapping filter: 'characterEncodingFilter' to: [/*]
2018-04-09 22:58:56.550  INFO 20979 --- [localhost-startStop-1] o.s.b.w.servlet.FilterRegistrationBean   : Mapping filter: 'hiddenHttpMethodFilter' to: [/*]
2018-04-09 22:58:56.550  INFO 20979 --- [localhost-startStop-1] o.s.b.w.servlet.FilterRegistrationBean   : Mapping filter: 'httpPutFormContentFilter' to: [/*]
2018-04-09 22:58:56.550  INFO 20979 --- [localhost-startStop-1] o.s.b.w.servlet.FilterRegistrationBean   : Mapping filter: 'requestContextFilter' to: [/*]
2018-Apr-09 22:58:56 PM [main] INFO  com.luvai.model.Game - 



 ****************************** Initialising new game ********************************
2018-Apr-09 22:58:56 PM [main] INFO  com.luvai.model.Decks.AdventureDeck - Shuffling adventure deck...
2018-Apr-09 22:58:56 PM [main] INFO  com.luvai.model.Decks.StoryDeck - Shuffling story deck...

2018-04-09 22:58:56.852  INFO 20979 --- [main] o.s.s.c.ThreadPoolTaskScheduler          : Initializing ExecutorService  'defaultSockJsTaskScheduler'
2018-04-09 22:58:56.871  INFO 20979 --- [main] o.s.w.s.s.s.WebSocketHandlerMapping      : Mapped URL path [/socketHandler] onto handler of type [class org.springframework.web.socket.server.support.WebSocketHttpRequestHandler]
2018-04-09 22:58:57.091  INFO 20979 --- [main] s.w.s.m.m.a.RequestMappingHandlerAdapter : Looking for @ControllerAdvice: org.springframework.boot.context.embedded.AnnotationConfigEmbeddedWebApplicationContext@6e5e91e4: startup date [Mon Apr 09 22:58:54 EDT 2018]; root of context hierarchy
2018-04-09 22:58:57.148  INFO 20979 --- [main] s.w.s.m.m.a.RequestMappingHandlerMapping : Mapped "{[/],methods=[GET]}" onto public java.lang.String com.luvai.controller.MainController.index(org.springframework.ui.ModelMap)
2018-04-09 22:58:57.151  INFO 20979 --- [main] s.w.s.m.m.a.RequestMappingHandlerMapping : Mapped "{[/error],produces=[text/html]}" onto public org.springframework.web.servlet.ModelAndView org.springframework.boot.autoconfigure.web.BasicErrorController.errorHtml(javax.servlet.http.HttpServletRequest,javax.servlet.http.HttpServletResponse)
2018-04-09 22:58:57.151  INFO 20979 --- [main] s.w.s.m.m.a.RequestMappingHandlerMapping : Mapped "{[/error]}" onto public org.springframework.http.ResponseEntity<java.util.Map<java.lang.String, java.lang.Object>> org.springframework.boot.autoconfigure.web.BasicErrorController.error(javax.servlet.http.HttpServletRequest)
2018-04-09 22:58:57.175  INFO 20979 --- [main] o.s.w.s.handler.SimpleUrlHandlerMapping  : Mapped URL path [/webjars/**] onto handler of type [class org.springframework.web.servlet.resource.ResourceHttpRequestHandler]
2018-04-09 22:58:57.175  INFO 20979 --- [main] o.s.w.s.handler.SimpleUrlHandlerMapping  : Mapped URL path [/resources/**] onto handler of type [class org.springframework.web.servlet.resource.ResourceHttpRequestHandler]
2018-04-09 22:58:57.209  INFO 20979 --- [main] o.s.w.s.handler.SimpleUrlHandlerMapping  : Mapped URL path [/**/favicon.ico] onto handler of type [class org.springframework.web.servlet.resource.ResourceHttpRequestHandler]
2018-04-09 22:58:57.349  INFO 20979 --- [main] o.s.j.e.a.AnnotationMBeanExporter        : Registering beans for JMX exposure on startup
2018-04-09 22:58:57.355  INFO 20979 --- [main] o.s.c.support.DefaultLifecycleProcessor  : Starting beans in phase 2147483647
2018-04-09 22:58:57.418  INFO 20979 --- [main] s.b.c.e.t.TomcatEmbeddedServletContainer : Tomcat started on port(s): 8080 (http)
2018-04-09 22:58:57.423  INFO 20979 --- [main] com.luvai.MainApp                        : Started MainApp in 3.496 seconds (JVM running for 3.838)
2018-04-09 22:59:06.596  INFO 20979 --- [http-nio-8080-exec-1] o.a.c.c.C.[Tomcat].[localhost].[/]       : Initializing Spring FrameworkServlet 'dispatcherServlet'
2018-04-09 22:59:06.597  INFO 20979 --- [http-nio-8080-exec-1] o.s.web.servlet.DispatcherServlet        : FrameworkServlet 'dispatcherServlet': initialization started
2018-04-09 22:59:07.048  INFO 20979 --- [http-nio-8080-exec-1] o.s.web.servlet.DispatcherServlet        : FrameworkServlet 'dispatcherServlet': initialization completed in 450 ms
2018-Apr-09 22:59:40 PM [http-nio-8080-exec-5] INFO  com.luvai.controller.SocketHandler - New player attempting to connect...
2018-Apr-09 22:59:40 PM [http-nio-8080-exec-5] INFO  com.luvai.controller.SocketHandler - Player from session#0 connected
2018-Apr-09 22:59:47 PM [http-nio-8080-exec-6] INFO  com.luvai.model.Game - Player Player1 is enrolled in the game
2018-Apr-09 22:59:47 PM [http-nio-8080-exec-6] INFO  com.luvai.controller.SocketHandler - Setting up rigged game
2018-Apr-09 22:59:47 PM [http-nio-8080-exec-6] INFO  com.luvai.model.Decks.StoryDeck - Initiating rigged story deck
2018-Apr-09 22:59:53 PM [http-nio-8080-exec-1] INFO  com.luvai.controller.SocketHandler - New player attempting to connect...
2018-Apr-09 22:59:53 PM [http-nio-8080-exec-1] INFO  com.luvai.controller.SocketHandler - Player from session#1 connected
2018-Apr-09 23:00:00 PM [http-nio-8080-exec-2] INFO  com.luvai.model.Game - Player Player2 is enrolled in the game
2018-Apr-09 23:00:06 PM [http-nio-8080-exec-9] INFO  com.luvai.controller.SocketHandler - New player attempting to connect...
2018-Apr-09 23:00:06 PM [http-nio-8080-exec-9] INFO  com.luvai.controller.SocketHandler - Player from session#2 connected
2018-Apr-09 23:00:15 PM [http-nio-8080-exec-2] INFO  com.luvai.model.Game - Player Player3 is enrolled in the game
2018-Apr-09 23:00:24 PM [http-nio-8080-exec-1] INFO  com.luvai.controller.SocketHandler - New player attempting to connect...
2018-Apr-09 23:00:24 PM [http-nio-8080-exec-1] INFO  com.luvai.controller.SocketHandler - Player from session#3 connected
2018-Apr-09 23:00:32 PM [http-nio-8080-exec-2] INFO  com.luvai.model.Game - Player Player4 is enrolled in the game
2018-Apr-09 23:00:32 PM [http-nio-8080-exec-2] INFO  com.luvai.model.Game - All players have joined, starting game...
2018-Apr-09 23:00:32 PM [http-nio-8080-exec-2] INFO  com.luvai.model.Game - Player Player1 was just dealt a new hand consisting of Boar, Black Knight, Test of the Questing Beast, Dagger, Amour, Horse, Saxons, Merlin, Sword, Test of Temptation, Sword, Sir Gawain, 
2018-Apr-09 23:00:32 PM [http-nio-8080-exec-2] INFO  com.luvai.model.Game - Player Player2 was just dealt a new hand consisting of Sir Tristan, Merlin, Amour, Robber Knight, Dragon, Test of the Questing Beast, Dagger, Horse, Battle-ax, Green Knight, Lance, Thieves, 
2018-Apr-09 23:00:32 PM [http-nio-8080-exec-2] INFO  com.luvai.model.Game - Player Player3 was just dealt a new hand consisting of Test of Valor, Black Knight, Saxons, Thieves, King Arthur, Excalibur, Amour, Test of Morgan Le Fey, Thieves, Horse, Sir Galahad, Robber Knight, 
2018-Apr-09 23:00:32 PM [http-nio-8080-exec-2] INFO  com.luvai.model.Game - Player Player4 was just dealt a new hand consisting of King Arthur, Thieves, Saxons, Battle-ax, Boar, Lance, Sir Gawain, Sword, Dagger, Sword, Amour, Sir Lancelot, 
2018-Apr-09 23:00:32 PM [http-nio-8080-exec-2] INFO  com.luvai.model.Game - Updating GUI stats for all players
2018-Apr-09 23:00:34 PM [Thread-5] INFO  com.luvai.controller.SocketHandler - Updating GUI stats for all players
2018-Apr-09 23:00:34 PM [Thread-5] INFO  com.luvai.controller.SocketHandler - Player Player1 is flipping new card from story deck: Boar Hunt
2018-Apr-09 23:00:34 PM [Thread-5] INFO  com.luvai.controller.SocketHandler - New story card Boar Hunt is being rendered on player screens
2018-Apr-09 23:00:34 PM [Thread-5] INFO  com.luvai.controller.SocketHandler - Asking Player Player1 to sponsor quest Boar Hunt
2018-04-09 23:01:12.308  INFO 20979 --- [Thread-3] ationConfigEmbeddedWebApplicationContext : Closing org.springframework.boot.context.embedded.AnnotationConfigEmbeddedWebApplicationContext@6e5e91e4: startup date [Mon Apr 09 22:58:54 EDT 2018]; root of context hierarchy
2018-04-09 23:01:12.312  INFO 20979 --- [Thread-3] o.s.c.support.DefaultLifecycleProcessor  : Stopping beans in phase 2147483647
2018-04-09 23:01:12.314  INFO 20979 --- [Thread-3] o.s.j.e.a.AnnotationMBeanExporter        : Unregistering JMX-exposed beans on shutdown
2018-04-09 23:01:12.314  INFO 20979 --- [Thread-3] o.s.s.c.ThreadPoolTaskScheduler          : Shutting down ExecutorService 'defaultSockJsTaskScheduler'
