2018-Apr-04 20:52:55 PM [main] INFO  com.luvai.model.Game - 



 ****************************** Initialising new game ********************************
2018-Apr-04 20:52:55 PM [main] INFO  com.luvai.model.Decks.AdventureDeck - Shuffling adventure deck...
2018-Apr-04 20:52:55 PM [main] INFO  com.luvai.model.Decks.StoryDeck - Shuffling story deck...

2018-Apr-04 20:52:58 PM [http-nio-8080-exec-2] INFO  com.luvai.controller.SocketHandler - New player attempting to connect...
2018-Apr-04 20:52:58 PM [http-nio-8080-exec-2] INFO  com.luvai.controller.SocketHandler - Player from session#0 connected
2018-Apr-04 20:52:59 PM [http-nio-8080-exec-5] INFO  com.luvai.controller.SocketHandler - New player attempting to connect...
2018-Apr-04 20:52:59 PM [http-nio-8080-exec-5] INFO  com.luvai.controller.SocketHandler - Player from session#1 connected
2018-Apr-04 20:52:59 PM [http-nio-8080-exec-9] INFO  com.luvai.controller.SocketHandler - New player attempting to connect...
2018-Apr-04 20:52:59 PM [http-nio-8080-exec-9] INFO  com.luvai.controller.SocketHandler - Player from session#2 connected
2018-Apr-04 20:53:03 PM [http-nio-8080-exec-7] INFO  com.luvai.controller.SocketHandler - New player attempting to connect...
2018-Apr-04 20:53:03 PM [http-nio-8080-exec-7] INFO  com.luvai.controller.SocketHandler - Player from session#3 connected
2018-Apr-04 20:53:03 PM [http-nio-8080-exec-3] INFO  com.luvai.controller.SocketHandler - New player attempting to connect...
2018-Apr-04 20:53:03 PM [http-nio-8080-exec-3] INFO  com.luvai.controller.SocketHandler - Player from session#4 connected
2018-Apr-04 20:53:04 PM [http-nio-8080-exec-5] INFO  com.luvai.model.Game - Player Mickey Mouse is enrolled in the game
2018-Apr-04 20:53:04 PM [http-nio-8080-exec-5] INFO  com.luvai.controller.SocketHandler - Setting up rigged game
2018-Apr-04 20:53:04 PM [http-nio-8080-exec-5] INFO  com.luvai.model.Decks.StoryDeck - Initiating rigged story deck
2018-Apr-04 20:53:06 PM [http-nio-8080-exec-6] INFO  com.luvai.model.AI.AbstractAI - Initiating new AI player
2018-Apr-04 20:53:06 PM [http-nio-8080-exec-6] INFO  com.luvai.model.AI.Strategy2 - Assigning new AI Player strategy Strategy2
2018-Apr-04 20:53:06 PM [http-nio-8080-exec-6] INFO  com.luvai.controller.AIController - Player AI_Player_772 is enrolled in the game
2018-Apr-04 20:53:09 PM [http-nio-8080-exec-7] INFO  com.luvai.model.AI.AbstractAI - Initiating new AI player
2018-Apr-04 20:53:09 PM [http-nio-8080-exec-7] INFO  com.luvai.model.AI.Strategy2 - Assigning new AI Player strategy Strategy2
2018-Apr-04 20:53:09 PM [http-nio-8080-exec-7] INFO  com.luvai.controller.AIController - Player AI_Player_663 is enrolled in the game
2018-Apr-04 20:53:10 PM [http-nio-8080-exec-8] INFO  com.luvai.model.AI.AbstractAI - Initiating new AI player
2018-Apr-04 20:53:10 PM [http-nio-8080-exec-8] INFO  com.luvai.model.AI.Strategy2 - Assigning new AI Player strategy Strategy2
2018-Apr-04 20:53:10 PM [http-nio-8080-exec-8] INFO  com.luvai.controller.AIController - Player AI_Player_87 is enrolled in the game
2018-Apr-04 20:53:10 PM [http-nio-8080-exec-8] INFO  com.luvai.controller.AIController - All players have joined, starting game...
2018-Apr-04 20:53:10 PM [http-nio-8080-exec-8] INFO  com.luvai.controller.SocketHandler - Player Mickey Mouse is flipping new card from story deck: Boar Hunt
2018-Apr-04 20:53:12 PM [http-nio-8080-exec-6] INFO  com.luvai.model.Game - Mickey Mouse declined to sponsor quest Boar Hunt
2018-Apr-04 20:53:12 PM [http-nio-8080-exec-9] INFO  com.luvai.model.AI.Strategy2 - Strategy2 calculating whether to sponsor quest
2018-Apr-04 20:53:12 PM [http-nio-8080-exec-9] INFO  com.luvai.model.AI.Strategy2 - No players can evolve if this quest is sponsored
2018-Apr-04 20:53:12 PM [http-nio-8080-exec-9] INFO  com.luvai.model.AI.Strategy2 - Requirements to sponsor quest met
2018-Apr-04 20:53:12 PM [http-nio-8080-exec-9] INFO  com.luvai.model.AI.Strategy2 - Player AI_Player_772 accepted to sponsor quest Boar Hunt
2018-Apr-04 20:53:12 PM [http-nio-8080-exec-9] INFO  com.luvai.controller.QuestController - Initiating new quest Boar Hunt sponsored by AI_Player_772
2018-Apr-04 20:53:12 PM [http-nio-8080-exec-9] INFO  com.luvai.controller.QuestController - AI_Player_772 is setting up stages for Boar Hunt quest
2018-Apr-04 20:53:12 PM [http-nio-8080-exec-9] INFO  com.luvai.model.AI.Strategy2 - AI_Player_772 setting up Boar Hunt quest ensuring last stage battle has at least 40 points
2018-Apr-04 20:53:12 PM [http-nio-8080-exec-9] INFO  com.luvai.model.AI.Strategy2 - Player AI_Player_772 used test for 2nd last stage of Boar Hunt quest setup
2018-Apr-04 20:53:12 PM [http-nio-8080-exec-9] INFO  com.luvai.model.AI.Strategy2 - No more stages to set
2018-Apr-04 20:53:12 PM [http-nio-8080-exec-9] INFO  com.luvai.controller.QuestController - Player AI_Player_772 setup Boar Hunt quest with Test of Morgan Le Fey, Green Knight, Dagger, Horse, 
2018-Apr-04 20:53:12 PM [http-nio-8080-exec-4] INFO  com.luvai.model.Player - Player AI_Player_772 discarded Test of Morgan Le Fey
2018-Apr-04 20:53:12 PM [http-nio-8080-exec-4] INFO  com.luvai.model.Player - Player AI_Player_772 discarded Green Knight
2018-Apr-04 20:53:12 PM [http-nio-8080-exec-4] INFO  com.luvai.model.Player - Player AI_Player_772 discarded Dagger
2018-Apr-04 20:53:12 PM [http-nio-8080-exec-3] INFO  com.luvai.model.Player - Player AI_Player_772 discarded Horse