2018-Apr-04 20:26:03 PM [http-nio-8080-exec-5] INFO  com.luvai.controller.SocketHandler - Player Mickey Mouse is flipping new card from story deck: Slay the Dragon
2018-Apr-04 20:26:04 PM [http-nio-8080-exec-7] INFO  com.luvai.model.Game - Mickey Mouse declined to sponsor quest Slay the Dragon
2018-Apr-04 20:26:07 PM [http-nio-8080-exec-9] INFO  com.luvai.model.Game - Mickey Mouse2 accepted to sponsor quest Slay the Dragon
2018-Apr-04 20:26:07 PM [http-nio-8080-exec-9] INFO  com.luvai.controller.QuestController - Initiating new quest Slay the Dragon sponsored by Mickey Mouse2
2018-Apr-04 20:26:07 PM [http-nio-8080-exec-9] INFO  com.luvai.controller.QuestController - Mickey Mouse2 is setting up stages for Slay the Dragon quest
2018-Apr-04 20:26:16 PM [http-nio-8080-exec-3] INFO  com.luvai.controller.SocketHandler - Player Mickey Mouse2 setup Slay the Dragon quest with ["Test of Morgan Le Fey","Robber Knight","Saxons","Dagger"]
2018-Apr-04 20:26:16 PM [http-nio-8080-exec-3] INFO  com.luvai.model.Player - Player Mickey Mouse2 discarded Test of Morgan Le Fey
2018-Apr-04 20:26:16 PM [http-nio-8080-exec-3] INFO  com.luvai.model.Player - Player Mickey Mouse2 discarded Robber Knight
2018-Apr-04 20:26:16 PM [http-nio-8080-exec-3] INFO  com.luvai.model.Player - Player Mickey Mouse2 discarded Saxons
2018-Apr-04 20:26:16 PM [http-nio-8080-exec-3] INFO  com.luvai.model.Player - Player Mickey Mouse2 discarded Dagger
2018-Apr-04 20:26:19 PM [http-nio-8080-exec-6] INFO  com.luvai.controller.QuestController - Player Mickey Mouse3 accepted to participate in Slay the Dragon quest sponsored by Mickey Mouse2
2018-Apr-04 20:26:19 PM [http-nio-8080-exec-6] INFO  com.luvai.controller.QuestController - Player Mickey Mouse3 getting new card Saxon Knight
2018-Apr-04 20:26:20 PM [http-nio-8080-exec-5] INFO  com.luvai.controller.QuestController - Player Mickey Mouse4 accepted to participate in Slay the Dragon quest sponsored by Mickey Mouse2
2018-Apr-04 20:26:20 PM [http-nio-8080-exec-5] INFO  com.luvai.controller.QuestController - Player Mickey Mouse4 getting new card Thieves
2018-Apr-04 20:26:23 PM [http-nio-8080-exec-8] INFO  com.luvai.controller.QuestController - Player Mickey Mouse accepted to participate in Slay the Dragon quest sponsored by Mickey Mouse2
2018-Apr-04 20:26:23 PM [http-nio-8080-exec-8] INFO  com.luvai.controller.QuestController - Player Mickey Mouse getting new card Saxons
2018-Apr-04 20:26:23 PM [http-nio-8080-exec-8] INFO  com.luvai.controller.QuestController - Slay the Dragon quest setup by Mickey Mouse2 is commencing with participants: Mickey Mouse3, Mickey Mouse4, Mickey Mouse, 
2018-Apr-04 20:26:27 PM [http-nio-8080-exec-4] INFO  com.luvai.controller.QuestController - Player Mickey Mouse3 bid Saxon Knight, Test of the Questing Beast, Battle-ax,  for test in quest Slay the Dragon
2018-Apr-04 20:26:30 PM [http-nio-8080-exec-7] INFO  com.luvai.controller.QuestController - Player Mickey Mouse4 bid Thieves, King Arthur, Mordred,  for test in quest Slay the Dragon
2018-Apr-04 20:26:33 PM [http-nio-8080-exec-9] INFO  com.luvai.controller.QuestController - Player Mickey Mouse bid Saxons, Amour, Black Knight,  for test in quest Slay the Dragon
2018-Apr-04 20:26:37 PM [http-nio-8080-exec-3] INFO  com.luvai.controller.QuestController - Player Mickey Mouse3 bid Saxon Knight, Test of the Questing Beast, Battle-ax, Giant,  for test in quest Slay the Dragon
2018-Apr-04 20:26:39 PM [http-nio-8080-exec-6] INFO  com.luvai.controller.QuestController - Player Mickey Mouse4 dropped out of test in quest Slay the Dragon
2018-Apr-04 20:26:41 PM [http-nio-8080-exec-5] INFO  com.luvai.controller.QuestController - Player Mickey Mouse dropped out of test in quest Slay the Dragon
2018-Apr-04 20:26:41 PM [http-nio-8080-exec-5] INFO  com.luvai.model.Player - Player Mickey Mouse3 used Saxon Knight
2018-Apr-04 20:26:41 PM [http-nio-8080-exec-5] INFO  com.luvai.model.Player - Player Mickey Mouse3 used Test of the Questing Beast
2018-Apr-04 20:26:41 PM [http-nio-8080-exec-5] INFO  com.luvai.model.Player - Player Mickey Mouse3 used Battle-ax
2018-Apr-04 20:26:41 PM [http-nio-8080-exec-5] INFO  com.luvai.model.Player - Player Mickey Mouse3 used Giant
2018-Apr-04 20:26:41 PM [http-nio-8080-exec-5] INFO  com.luvai.controller.SocketHandler - Player Mickey Mouse3 won test in Slay the Dragon quest, advancing to stage 2
2018-Apr-04 20:26:45 PM [http-nio-8080-exec-8] INFO  com.luvai.controller.QuestController - Player Mickey Mouse3 chose Dagger,  for stage 2 of Slay the Dragon quest
2018-Apr-04 20:26:45 PM [http-nio-8080-exec-8] INFO  com.luvai.model.Player - Player Mickey Mouse3 used Dagger
2018-Apr-04 20:26:45 PM [http-nio-8080-exec-8] INFO  com.luvai.controller.SocketHandler - All players have chosen equipment for stage 2 of Slay the Dragon quest which is a test: false
2018-Apr-04 20:26:45 PM [http-nio-8080-exec-8] INFO  com.luvai.controller.SocketHandler - Displaying battle screen
2018-Apr-04 20:26:45 PM [http-nio-8080-exec-8] INFO  com.luvai.controller.QuestController - Slay the Dragon quest stage 2 is a foe battle
2018-Apr-04 20:26:45 PM [http-nio-8080-exec-8] INFO  com.luvai.controller.QuestController - Participant battles commencing against foe Robber Knight with 15 battle points
2018-Apr-04 20:26:45 PM [http-nio-8080-exec-8] INFO  com.luvai.controller.QuestController - Battle against participant Mickey Mouse3 with 10 battle points is starting - versus Robber Knight with 15 points
2018-Apr-04 20:26:45 PM [http-nio-8080-exec-8] INFO  com.luvai.controller.QuestController - Player Mickey Mouse3 has LOST battle
2018-Apr-04 20:26:45 PM [http-nio-8080-exec-8] INFO  com.luvai.controller.QuestController - Stage 2 is over
2018-Apr-04 20:26:45 PM [http-nio-8080-exec-8] INFO  com.luvai.controller.SocketHandler - All players defeated in Slay the Dragon quest sponsored by Mickey Mouse2
2018-Apr-04 20:26:45 PM [http-nio-8080-exec-8] INFO  com.luvai.controller.SocketHandler - Player Mickey Mouse2 who sponsored Slay the Dragon quest is receiving 7 card due to sponsoring quest