2018-Mar-26 23:38:47 PM [main] INFO  com.luvai.model.Game - 



 ****************************** Initialising new game ********************************
2018-Mar-26 23:38:47 PM [main] INFO  com.luvai.model.Decks.AdventureDeck - Shuffling adventure deck...
2018-Mar-26 23:38:47 PM [main] INFO  com.luvai.model.Decks.StoryDeck - Shuffling story deck...

2018-Mar-26 23:38:53 PM [http-nio-8080-exec-7] INFO  com.luvai.controller.SocketHandler - New player attempting to connect...
2018-Mar-26 23:38:53 PM [http-nio-8080-exec-7] INFO  com.luvai.controller.SocketHandler - Player from session#0 connected
2018-Mar-26 23:38:54 PM [http-nio-8080-exec-2] INFO  com.luvai.controller.SocketHandler - New player attempting to connect...
2018-Mar-26 23:38:54 PM [http-nio-8080-exec-2] INFO  com.luvai.controller.SocketHandler - Player from session#1 connected
2018-Mar-26 23:38:55 PM [http-nio-8080-exec-1] INFO  com.luvai.controller.SocketHandler - New player attempting to connect...
2018-Mar-26 23:38:55 PM [http-nio-8080-exec-1] INFO  com.luvai.controller.SocketHandler - Player from session#2 connected
2018-Mar-26 23:38:56 PM [http-nio-8080-exec-6] INFO  com.luvai.controller.SocketHandler - New player attempting to connect...
2018-Mar-26 23:38:56 PM [http-nio-8080-exec-6] INFO  com.luvai.controller.SocketHandler - Player from session#3 connected
2018-Mar-26 23:38:58 PM [http-nio-8080-exec-9] INFO  com.luvai.controller.SocketHandler - Player Mickey Mouse is enrolled in the game
2018-Mar-26 23:38:58 PM [http-nio-8080-exec-9] INFO  com.luvai.controller.SocketHandler - Setting up rigged game
2018-Mar-26 23:38:58 PM [http-nio-8080-exec-9] INFO  com.luvai.model.Decks.StoryDeck - Initiating rigged story deck
2018-Mar-26 23:39:00 PM [http-nio-8080-exec-10] INFO  com.luvai.model.AI.AbstractAI - Initiating new AI player
2018-Mar-26 23:39:00 PM [http-nio-8080-exec-10] INFO  com.luvai.model.AI.Strategy2 - Assigning new AI Player strategy Strategy2
2018-Mar-26 23:39:00 PM [http-nio-8080-exec-10] INFO  com.luvai.controller.SocketHandler - Player AI_Player_880 is enrolled in the game
2018-Mar-26 23:39:02 PM [http-nio-8080-exec-1] INFO  com.luvai.model.AI.AbstractAI - Initiating new AI player
2018-Mar-26 23:39:02 PM [http-nio-8080-exec-1] INFO  com.luvai.model.AI.Strategy2 - Assigning new AI Player strategy Strategy2
2018-Mar-26 23:39:02 PM [http-nio-8080-exec-1] INFO  com.luvai.controller.SocketHandler - Player AI_Player_201 is enrolled in the game
2018-Mar-26 23:39:04 PM [http-nio-8080-exec-4] INFO  com.luvai.model.AI.AbstractAI - Initiating new AI player
2018-Mar-26 23:39:04 PM [http-nio-8080-exec-4] INFO  com.luvai.model.AI.Strategy2 - Assigning new AI Player strategy Strategy2
2018-Mar-26 23:39:04 PM [http-nio-8080-exec-4] INFO  com.luvai.controller.SocketHandler - Player AI_Player_626 is enrolled in the game
2018-Mar-26 23:39:04 PM [http-nio-8080-exec-4] INFO  com.luvai.controller.SocketHandler - All players have joined, starting game...
2018-Mar-26 23:39:04 PM [http-nio-8080-exec-4] INFO  com.luvai.controller.SocketHandler - Player Mickey Mouse is flipping new card from story deck: Boar Hunt
2018-Mar-26 23:39:06 PM [http-nio-8080-exec-1] INFO  com.luvai.controller.SocketHandler - Mickey Mouse declined to sponsor quest Boar Hunt
2018-Mar-26 23:39:06 PM [http-nio-8080-exec-9] INFO  com.luvai.model.AI.Strategy2 - No players can evolve if this quest is sponsored
2018-Mar-26 23:39:06 PM [http-nio-8080-exec-9] INFO  com.luvai.model.AI.Strategy2 - Requirements to sponsor quest met
2018-Mar-26 23:39:06 PM [http-nio-8080-exec-9] INFO  com.luvai.model.AI.Strategy2 - Player AI_Player_880 accepted to sponsor quest Boar Hunt
2018-Mar-26 23:39:06 PM [http-nio-8080-exec-9] INFO  com.luvai.controller.QuestController - Initiating new quest Boar Hunt sponsored by AI_Player_880
2018-Mar-26 23:39:06 PM [http-nio-8080-exec-9] INFO  com.luvai.controller.QuestController - AI_Player_880 is setting up stages for Boar Hunt quest
2018-Mar-26 23:39:06 PM [http-nio-8080-exec-9] INFO  com.luvai.model.AI.Strategy2 - AI_Player_880 setting up Boar Hunt quest ensuring last stage battle has at least 40 points
2018-Mar-26 23:39:06 PM [http-nio-8080-exec-9] INFO  com.luvai.model.AI.Strategy2 - Player AI_Player_880 used test for 2nd last stage of Boar Hunt quest setup
2018-Mar-26 23:39:06 PM [http-nio-8080-exec-9] INFO  com.luvai.model.AI.Strategy2 - No more stages to set
2018-Mar-26 23:39:06 PM [http-nio-8080-exec-9] INFO  com.luvai.controller.QuestController - Player AI_Player_880 setup Boar Hunt quest with Test of Morgan Le Fey, Green Knight, Dagger, Horse, 
2018-Mar-26 23:39:06 PM [http-nio-8080-exec-5] INFO  com.luvai.controller.AIController - Player AI_Player_201 denied to participate in quest Boar Hunt sponsored by AI_Player_880
2018-Mar-26 23:39:06 PM [http-nio-8080-exec-7] INFO  com.luvai.controller.AIController - Player AI_Player_626 denied to participate in quest Boar Hunt sponsored by AI_Player_880
2018-Mar-26 23:39:07 PM [http-nio-8080-exec-3] INFO  com.luvai.controller.SocketHandler - Player Mickey Mouse accepted to participate in Boar Hunt quest sponsored by AI_Player_880
2018-Mar-26 23:39:10 PM [http-nio-8080-exec-8] INFO  com.luvai.controller.SocketHandler - Player "Mickey Mouse" chose ["Saxon Knight","Boar","Black Knight"] to use for stage 1 of Boar Hunt quest
2018-Mar-26 23:39:11 PM [http-nio-8080-exec-6] INFO  com.luvai.controller.SocketHandler - Player "Mickey Mouse" chose ["Horse"] to use for stage 2 of Boar Hunt quest
2018-Mar-26 23:39:12 PM [http-nio-8080-exec-2] INFO  com.luvai.controller.SocketHandler - Player Mickey Mouse was defeated in Boar Hunt quest battle
2018-Mar-26 23:39:12 PM [http-nio-8080-exec-2] INFO  com.luvai.controller.SocketHandler - All players defeated in Boar Hunt quest sponsored by AI_Player_880
2018-Mar-26 23:39:12 PM [http-nio-8080-exec-2] INFO  com.luvai.controller.SocketHandler - Player AI_Player_880 who sponsored Boar Hunt quest is receiving 2 card due to sponsoring quest
2018-Mar-26 23:39:12 PM [http-nio-8080-exec-10] INFO  com.luvai.model.Player - Player AI_Player_880 discarded Sir Tristan
2018-Mar-26 23:39:12 PM [http-nio-8080-exec-10] INFO  com.luvai.model.Player - Player AI_Player_880 discarded Test of Morgan Le Fey
2018-Mar-26 23:39:12 PM [http-nio-8080-exec-1] INFO  com.luvai.controller.SocketHandler - Player AI_Player_201 is flipping new card from story deck: Prosperity Throughout the Realm
2018-Mar-26 23:39:12 PM [http-nio-8080-exec-1] INFO  com.luvai.controller.EventController - Player AI_Player_201 has initiated event Prosperity Throughout the Realm
2018-Mar-26 23:39:12 PM [http-nio-8080-exec-1] INFO  com.luvai.controller.EventController - All players draw immediately 2 adventure cards & discard if too many
2018-Mar-26 23:39:12 PM [http-nio-8080-exec-1] INFO  com.luvai.controller.EventController - Player Mickey Mouse picked up Mordred and Saxons
2018-Mar-26 23:39:12 PM [http-nio-8080-exec-1] INFO  com.luvai.controller.EventController - Player AI_Player_880 picked up Amour and Robber Knight
2018-Mar-26 23:39:12 PM [http-nio-8080-exec-1] INFO  com.luvai.controller.EventController - Player AI_Player_201 picked up Sword and Mordred
2018-Mar-26 23:39:12 PM [http-nio-8080-exec-1] INFO  com.luvai.controller.EventController - Player AI_Player_626 picked up Saxons and Saxon Knight
2018-Mar-26 23:39:12 PM [http-nio-8080-exec-8] INFO  com.luvai.model.Player - Player AI_Player_626 discarded Queen Iseult
2018-Mar-26 23:39:12 PM [http-nio-8080-exec-8] INFO  com.luvai.model.Player - Player AI_Player_626 discarded Test of Morgan Le Fey
2018-Mar-26 23:39:12 PM [http-nio-8080-exec-3] INFO  com.luvai.model.Player - Player AI_Player_201 discarded Test of the Questing Beast
2018-Mar-26 23:39:12 PM [http-nio-8080-exec-3] INFO  com.luvai.model.Player - Player AI_Player_201 discarded Queen Guinevere
2018-Mar-26 23:39:12 PM [http-nio-8080-exec-7] INFO  com.luvai.model.Player - Player AI_Player_880 discarded Merlin
2018-Mar-26 23:39:12 PM [http-nio-8080-exec-7] INFO  com.luvai.model.Player - Player AI_Player_880 discarded Dagger
2018-Mar-26 23:39:12 PM [http-nio-8080-exec-7] INFO  com.luvai.controller.SocketHandler - Event Prosperity Throughout the Realm has concluded
2018-Mar-26 23:39:12 PM [http-nio-8080-exec-8] INFO  com.luvai.controller.SocketHandler - Player AI_Player_626 is flipping new card from story deck: Chivalrous Deed
2018-Mar-26 23:39:12 PM [http-nio-8080-exec-8] INFO  com.luvai.controller.EventController - Player AI_Player_626 has initiated event Chivalrous Deed
2018-Mar-26 23:39:12 PM [http-nio-8080-exec-8] INFO  com.luvai.controller.EventController - Mickey Mouse with 0 shields
2018-Mar-26 23:39:12 PM [http-nio-8080-exec-8] INFO  com.luvai.controller.EventController - AI_Player_880 with 0 shields
2018-Mar-26 23:39:12 PM [http-nio-8080-exec-8] INFO  com.luvai.controller.EventController - AI_Player_201 with 0 shields
2018-Mar-26 23:39:12 PM [http-nio-8080-exec-8] INFO  com.luvai.controller.EventController - AI_Player_626 with 0 shields
2018-Mar-26 23:39:12 PM [http-nio-8080-exec-8] INFO  com.luvai.controller.EventController -  Mickey Mouse is awarded with 3 shields for a total of 3
2018-Mar-26 23:39:12 PM [http-nio-8080-exec-8] INFO  com.luvai.controller.EventController -  AI_Player_880 is awarded with 3 shields for a total of 3
2018-Mar-26 23:39:12 PM [http-nio-8080-exec-8] INFO  com.luvai.controller.EventController -  AI_Player_201 is awarded with 3 shields for a total of 3
2018-Mar-26 23:39:12 PM [http-nio-8080-exec-8] INFO  com.luvai.controller.EventController -  AI_Player_626 is awarded with 3 shields for a total of 3
2018-Mar-26 23:39:12 PM [http-nio-8080-exec-8] INFO  com.luvai.controller.EventController - Event Chivalrous Deed has concluded
2018-Mar-26 23:39:18 PM [http-nio-8080-exec-4] INFO  com.luvai.controller.SocketHandler - Player Mickey Mouse is flipping new card from story deck: Repel the Saxon Raiders
