2018-Apr-04 21:01:32 PM [main] INFO  com.luvai.model.Game - 



 ****************************** Initialising new game ********************************
2018-Apr-04 21:01:32 PM [main] INFO  com.luvai.model.Decks.AdventureDeck - Shuffling adventure deck...
2018-Apr-04 21:01:32 PM [main] INFO  com.luvai.model.Decks.StoryDeck - Shuffling story deck...

2018-Apr-04 21:01:46 PM [http-nio-8080-exec-3] INFO  com.luvai.controller.SocketHandler - New player attempting to connect...
2018-Apr-04 21:01:46 PM [http-nio-8080-exec-3] INFO  com.luvai.controller.SocketHandler - Player from session#0 connected
2018-Apr-04 21:01:46 PM [http-nio-8080-exec-5] INFO  com.luvai.controller.SocketHandler - New player attempting to connect...
2018-Apr-04 21:01:46 PM [http-nio-8080-exec-5] INFO  com.luvai.controller.SocketHandler - Player from session#1 connected
2018-Apr-04 21:01:47 PM [http-nio-8080-exec-2] INFO  com.luvai.controller.SocketHandler - New player attempting to connect...
2018-Apr-04 21:01:47 PM [http-nio-8080-exec-2] INFO  com.luvai.controller.SocketHandler - Player from session#2 connected
2018-Apr-04 21:01:48 PM [http-nio-8080-exec-1] INFO  com.luvai.controller.SocketHandler - New player attempting to connect...
2018-Apr-04 21:01:48 PM [http-nio-8080-exec-1] INFO  com.luvai.controller.SocketHandler - Player from session#3 connected
2018-Apr-04 21:01:49 PM [http-nio-8080-exec-9] INFO  com.luvai.model.Game - Player Mickey Mouse is enrolled in the game
2018-Apr-04 21:01:49 PM [http-nio-8080-exec-9] INFO  com.luvai.controller.SocketHandler - Setting up rigged game
2018-Apr-04 21:01:49 PM [http-nio-8080-exec-9] INFO  com.luvai.model.Decks.StoryDeck - Initiating rigged story deck
2018-Apr-04 21:01:53 PM [http-nio-8080-exec-3] INFO  com.luvai.model.AI.AbstractAI - Initiating new AI player
2018-Apr-04 21:01:53 PM [http-nio-8080-exec-3] INFO  com.luvai.model.AI.Strategy2 - Assigning new AI Player strategy Strategy2
2018-Apr-04 21:01:53 PM [http-nio-8080-exec-3] INFO  com.luvai.controller.AIController - Player AI_Player_50 is enrolled in the game
2018-Apr-04 21:01:55 PM [http-nio-8080-exec-2] INFO  com.luvai.model.AI.AbstractAI - Initiating new AI player
2018-Apr-04 21:01:55 PM [http-nio-8080-exec-2] INFO  com.luvai.model.AI.Strategy2 - Assigning new AI Player strategy Strategy2
2018-Apr-04 21:01:55 PM [http-nio-8080-exec-2] INFO  com.luvai.controller.AIController - Player AI_Player_159 is enrolled in the game
2018-Apr-04 21:01:57 PM [http-nio-8080-exec-4] INFO  com.luvai.model.AI.AbstractAI - Initiating new AI player
2018-Apr-04 21:01:57 PM [http-nio-8080-exec-4] INFO  com.luvai.model.AI.Strategy2 - Assigning new AI Player strategy Strategy2
2018-Apr-04 21:01:57 PM [http-nio-8080-exec-4] INFO  com.luvai.controller.AIController - Player AI_Player_533 is enrolled in the game
2018-Apr-04 21:01:57 PM [http-nio-8080-exec-4] INFO  com.luvai.controller.AIController - All players have joined, starting game...
2018-Apr-04 21:01:57 PM [http-nio-8080-exec-4] INFO  com.luvai.controller.SocketHandler - Player Mickey Mouse is flipping new card from story deck: Boar Hunt
2018-Apr-04 21:01:59 PM [http-nio-8080-exec-3] INFO  com.luvai.model.Game - Mickey Mouse declined to sponsor quest Boar Hunt
2018-Apr-04 21:01:59 PM [http-nio-8080-exec-4] INFO  com.luvai.model.AI.Strategy2 - Strategy2 calculating whether to sponsor quest
2018-Apr-04 21:01:59 PM [http-nio-8080-exec-4] INFO  com.luvai.model.AI.Strategy2 - No players can evolve if this quest is sponsored
2018-Apr-04 21:01:59 PM [http-nio-8080-exec-4] INFO  com.luvai.model.AI.Strategy2 - Requirements to sponsor quest met
2018-Apr-04 21:01:59 PM [http-nio-8080-exec-4] INFO  com.luvai.model.AI.Strategy2 - Player AI_Player_50 accepted to sponsor quest Boar Hunt
2018-Apr-04 21:01:59 PM [http-nio-8080-exec-4] INFO  com.luvai.controller.QuestController - Initiating new quest Boar Hunt sponsored by AI_Player_50
2018-Apr-04 21:01:59 PM [http-nio-8080-exec-4] INFO  com.luvai.controller.QuestController - AI_Player_50 is setting up stages for Boar Hunt quest
2018-Apr-04 21:01:59 PM [http-nio-8080-exec-4] INFO  com.luvai.model.AI.Strategy2 - AI_Player_50 setting up Boar Hunt quest ensuring last stage battle has at least 40 points
2018-Apr-04 21:01:59 PM [http-nio-8080-exec-4] INFO  com.luvai.model.AI.Strategy2 - Player AI_Player_50 used test for 2nd last stage of Boar Hunt quest setup
2018-Apr-04 21:01:59 PM [http-nio-8080-exec-4] INFO  com.luvai.model.AI.Strategy2 - No more stages to set
2018-Apr-04 21:01:59 PM [http-nio-8080-exec-4] INFO  com.luvai.controller.QuestController - Player AI_Player_50 setup Boar Hunt quest with Test of Morgan Le Fey, Green Knight, Dagger, Horse, 
2018-Apr-04 21:01:59 PM [http-nio-8080-exec-4] INFO  com.luvai.model.Player - Player AI_Player_50 discarded Test of Morgan Le Fey
2018-Apr-04 21:01:59 PM [http-nio-8080-exec-4] INFO  com.luvai.model.Player - Player AI_Player_50 discarded Green Knight
2018-Apr-04 21:01:59 PM [http-nio-8080-exec-4] INFO  com.luvai.model.Player - Player AI_Player_50 discarded Dagger
2018-Apr-04 21:01:59 PM [http-nio-8080-exec-4] INFO  com.luvai.model.Player - Player AI_Player_50 discarded Horse
2018-Apr-04 21:02:00 PM [http-nio-8080-exec-6] INFO  com.luvai.model.AI.Strategy2 - Strategy2 calculating whether to participate in quest
2018-Apr-04 21:02:00 PM [http-nio-8080-exec-6] INFO  com.luvai.model.AI.Strategy2 - Player AI_Player_159 meet foe requirements (condition 2) to participate in Boar Hunt quest
2018-Apr-04 21:02:00 PM [http-nio-8080-exec-6] INFO  com.luvai.model.AI.Strategy2 - Player AI_Player_159 has enough weapons to sustain Boar Hunt quest
2018-Apr-04 21:02:00 PM [http-nio-8080-exec-6] INFO  com.luvai.controller.QuestController - Player AI_Player_159 accepted to participate in Boar Hunt quest sponsored by AI_Player_50
2018-Apr-04 21:02:00 PM [http-nio-8080-exec-6] INFO  com.luvai.controller.QuestController - Player AI_Player_159 getting new card Horse
2018-Apr-04 21:02:02 PM [http-nio-8080-exec-5] INFO  com.luvai.model.AI.Strategy2 - Strategy2 calculating whether to participate in quest
2018-Apr-04 21:02:02 PM [http-nio-8080-exec-5] INFO  com.luvai.model.AI.Strategy2 - Player AI_Player_533 meet foe requirements (condition 2) to participate in Boar Hunt quest
2018-Apr-04 21:02:02 PM [http-nio-8080-exec-5] INFO  com.luvai.model.AI.Strategy2 - Player AI_Player_533 has enough weapons to sustain Boar Hunt quest
2018-Apr-04 21:02:02 PM [http-nio-8080-exec-5] INFO  com.luvai.controller.QuestController - Player AI_Player_533 accepted to participate in Boar Hunt quest sponsored by AI_Player_50
2018-Apr-04 21:02:02 PM [http-nio-8080-exec-5] INFO  com.luvai.controller.QuestController - Player AI_Player_533 getting new card Merlin
2018-Apr-04 21:02:21 PM [http-nio-8080-exec-2] INFO  com.luvai.controller.QuestController - Player Mickey Mouse denied to participate in Boar Hunt quest sponsored by AI_Player_50
2018-Apr-04 21:02:21 PM [http-nio-8080-exec-2] INFO  com.luvai.controller.QuestController - Boar Hunt quest setup by AI_Player_50 is commencing with participants: AI_Player_159, AI_Player_533, 
2018-Apr-04 21:02:24 PM [http-nio-8080-exec-9] INFO  com.luvai.controller.QuestController - Player AI_Player_159 bid Evil Knight, Black Knight, Horse,  for test in quest Boar Hunt
2018-Apr-04 21:02:28 PM [http-nio-8080-exec-7] INFO  com.luvai.controller.QuestController - Player AI_Player_533 bid Saxons, Saxon Knight, Boar,  for test in quest Boar Hunt
2018-Apr-04 21:02:32 PM [http-nio-8080-exec-4] INFO  com.luvai.controller.QuestController - Player AI_Player_159 bid Evil Knight, Black Knight, Horse,  for test in quest Boar Hunt
2018-Apr-04 21:02:36 PM [http-nio-8080-exec-5] INFO  com.luvai.controller.QuestController - Player AI_Player_533 bid Saxons, Saxon Knight, Boar,  for test in quest Boar Hunt
2018-Apr-04 21:02:40 PM [http-nio-8080-exec-2] INFO  com.luvai.controller.QuestController - Player AI_Player_159 bid Evil Knight, Black Knight, Horse,  for test in quest Boar Hunt
2018-Apr-04 21:02:44 PM [http-nio-8080-exec-9] INFO  com.luvai.controller.QuestController - Player AI_Player_533 bid Saxons, Saxon Knight, Boar,  for test in quest Boar Hunt
2018-Apr-04 21:02:48 PM [http-nio-8080-exec-7] INFO  com.luvai.controller.QuestController - Player AI_Player_159 bid Evil Knight, Black Knight, Horse,  for test in quest Boar Hunt
2018-Apr-04 21:02:52 PM [http-nio-8080-exec-4] INFO  com.luvai.controller.QuestController - Player AI_Player_533 bid Saxons, Saxon Knight, Boar,  for test in quest Boar Hunt
2018-Apr-04 21:02:56 PM [http-nio-8080-exec-5] INFO  com.luvai.controller.QuestController - Player AI_Player_159 bid Evil Knight, Black Knight, Horse,  for test in quest Boar Hunt
2018-Apr-04 21:03:00 PM [http-nio-8080-exec-3] INFO  com.luvai.controller.QuestController - Player AI_Player_533 bid Saxons, Saxon Knight, Boar,  for test in quest Boar Hunt
2018-Apr-04 21:03:04 PM [http-nio-8080-exec-5] INFO  com.luvai.controller.QuestController - Player AI_Player_159 bid Evil Knight, Black Knight, Horse,  for test in quest Boar Hunt
2018-Apr-04 21:03:08 PM [http-nio-8080-exec-2] INFO  com.luvai.controller.QuestController - Player AI_Player_533 bid Saxons, Saxon Knight, Boar,  for test in quest Boar Hunt
2018-Apr-04 21:05:15 PM [main] INFO  com.luvai.model.Game - 



 ****************************** Initialising new game ********************************
2018-Apr-04 21:05:15 PM [main] INFO  com.luvai.model.Decks.AdventureDeck - Shuffling adventure deck...
2018-Apr-04 21:05:15 PM [main] INFO  com.luvai.model.Decks.StoryDeck - Shuffling story deck...

2018-Apr-04 21:07:25 PM [http-nio-8080-exec-2] INFO  com.luvai.controller.SocketHandler - New player attempting to connect...
2018-Apr-04 21:07:25 PM [http-nio-8080-exec-2] INFO  com.luvai.controller.SocketHandler - Player from session#0 connected
2018-Apr-04 21:07:25 PM [http-nio-8080-exec-5] INFO  com.luvai.controller.SocketHandler - New player attempting to connect...
2018-Apr-04 21:07:25 PM [http-nio-8080-exec-5] INFO  com.luvai.controller.SocketHandler - Player from session#1 connected
2018-Apr-04 21:07:26 PM [http-nio-8080-exec-3] INFO  com.luvai.controller.SocketHandler - New player attempting to connect...
2018-Apr-04 21:07:26 PM [http-nio-8080-exec-3] INFO  com.luvai.controller.SocketHandler - Player from session#2 connected
2018-Apr-04 21:07:27 PM [http-nio-8080-exec-9] INFO  com.luvai.controller.SocketHandler - New player attempting to connect...
2018-Apr-04 21:07:27 PM [http-nio-8080-exec-9] INFO  com.luvai.controller.SocketHandler - Player from session#3 connected
2018-Apr-04 21:08:47 PM [http-nio-8080-exec-8] INFO  com.luvai.model.Game - Player Mickey Mouse is enrolled in the game
2018-Apr-04 21:08:47 PM [http-nio-8080-exec-8] INFO  com.luvai.controller.SocketHandler - Setting up rigged game
2018-Apr-04 21:08:47 PM [http-nio-8080-exec-8] INFO  com.luvai.model.Decks.StoryDeck - Initiating rigged story deck
2018-Apr-04 21:08:48 PM [http-nio-8080-exec-7] INFO  com.luvai.model.AI.AbstractAI - Initiating new AI player
2018-Apr-04 21:08:48 PM [http-nio-8080-exec-7] INFO  com.luvai.model.AI.Strategy2 - Assigning new AI Player strategy Strategy2
2018-Apr-04 21:08:48 PM [http-nio-8080-exec-7] INFO  com.luvai.controller.AIController - Player AI_Player_723 is enrolled in the game
2018-Apr-04 21:08:54 PM [http-nio-8080-exec-10] INFO  com.luvai.model.Game - Player Mickey Mouse2 is enrolled in the game
2018-Apr-04 21:08:55 PM [http-nio-8080-exec-9] INFO  com.luvai.model.AI.AbstractAI - Initiating new AI player
2018-Apr-04 21:08:55 PM [http-nio-8080-exec-9] INFO  com.luvai.model.AI.Strategy2 - Assigning new AI Player strategy Strategy2
2018-Apr-04 21:08:55 PM [http-nio-8080-exec-9] INFO  com.luvai.controller.AIController - Player AI_Player_668 is enrolled in the game
2018-Apr-04 21:08:55 PM [http-nio-8080-exec-9] INFO  com.luvai.controller.AIController - All players have joined, starting game...
2018-Apr-04 21:08:55 PM [http-nio-8080-exec-9] INFO  com.luvai.controller.SocketHandler - Player Mickey Mouse is flipping new card from story deck: Boar Hunt
2018-Apr-04 21:08:57 PM [http-nio-8080-exec-7] INFO  com.luvai.model.Game - Mickey Mouse declined to sponsor quest Boar Hunt
2018-Apr-04 21:08:57 PM [http-nio-8080-exec-3] INFO  com.luvai.model.AI.Strategy2 - Strategy2 calculating whether to sponsor quest
2018-Apr-04 21:08:57 PM [http-nio-8080-exec-3] INFO  com.luvai.model.AI.Strategy2 - No players can evolve if this quest is sponsored
2018-Apr-04 21:08:57 PM [http-nio-8080-exec-3] INFO  com.luvai.model.AI.Strategy2 - Requirements to sponsor quest met
2018-Apr-04 21:08:57 PM [http-nio-8080-exec-3] INFO  com.luvai.model.AI.Strategy2 - Player AI_Player_723 accepted to sponsor quest Boar Hunt
2018-Apr-04 21:08:57 PM [http-nio-8080-exec-3] INFO  com.luvai.controller.QuestController - Initiating new quest Boar Hunt sponsored by AI_Player_723
2018-Apr-04 21:08:57 PM [http-nio-8080-exec-3] INFO  com.luvai.controller.QuestController - AI_Player_723 is setting up stages for Boar Hunt quest
2018-Apr-04 21:08:57 PM [http-nio-8080-exec-3] INFO  com.luvai.model.AI.Strategy2 - AI_Player_723 setting up Boar Hunt quest ensuring last stage battle has at least 40 points
2018-Apr-04 21:08:57 PM [http-nio-8080-exec-3] INFO  com.luvai.model.AI.Strategy2 - Player AI_Player_723 used test for 2nd last stage of Boar Hunt quest setup
2018-Apr-04 21:08:57 PM [http-nio-8080-exec-3] INFO  com.luvai.model.AI.Strategy2 - No more stages to set
2018-Apr-04 21:08:57 PM [http-nio-8080-exec-3] INFO  com.luvai.controller.QuestController - Player AI_Player_723 setup Boar Hunt quest with Test of Morgan Le Fey, Green Knight, Dagger, Horse, 
2018-Apr-04 21:08:57 PM [http-nio-8080-exec-1] INFO  com.luvai.model.Player - Player AI_Player_723 discarded Test of Morgan Le Fey
2018-Apr-04 21:08:57 PM [http-nio-8080-exec-1] INFO  com.luvai.model.Player - Player AI_Player_723 discarded Green Knight
2018-Apr-04 21:08:57 PM [http-nio-8080-exec-10] INFO  com.luvai.model.Player - Player AI_Player_723 discarded Dagger
2018-Apr-04 21:08:57 PM [http-nio-8080-exec-10] INFO  com.luvai.model.Player - Player AI_Player_723 discarded Horse
2018-Apr-04 21:08:59 PM [http-nio-8080-exec-9] INFO  com.luvai.controller.QuestController - Player Mickey Mouse2 accepted to participate in Boar Hunt quest sponsored by AI_Player_723
2018-Apr-04 21:08:59 PM [http-nio-8080-exec-9] INFO  com.luvai.controller.QuestController - Player Mickey Mouse2 getting new card Test of Temptation
2018-Apr-04 21:09:00 PM [http-nio-8080-exec-6] INFO  com.luvai.model.AI.Strategy2 - Strategy2 calculating whether to participate in quest
2018-Apr-04 21:09:00 PM [http-nio-8080-exec-6] INFO  com.luvai.model.AI.Strategy2 - Player AI_Player_668 meet foe requirements (condition 2) to participate in Boar Hunt quest
2018-Apr-04 21:09:00 PM [http-nio-8080-exec-6] INFO  com.luvai.model.AI.Strategy2 - Not enough weapons, checking for amour
2018-Apr-04 21:09:00 PM [http-nio-8080-exec-6] INFO  com.luvai.model.AI.Strategy2 - Not strong enough with weapons and amour, checking for allies
2018-Apr-04 21:09:00 PM [http-nio-8080-exec-6] INFO  com.luvai.model.AI.Strategy2 - Player AI_Player_668 can sustain quest Boar Hunt with weapons, amour, & allies played
2018-Apr-04 21:09:00 PM [http-nio-8080-exec-6] INFO  com.luvai.controller.QuestController - Player AI_Player_668 accepted to participate in Boar Hunt quest sponsored by AI_Player_723
2018-Apr-04 21:09:00 PM [http-nio-8080-exec-6] INFO  com.luvai.controller.QuestController - Player AI_Player_668 getting new card Sword
2018-Apr-04 21:11:01 PM [http-nio-8080-exec-9] INFO  com.luvai.controller.QuestController - Player Mickey Mouse denied to participate in Boar Hunt quest sponsored by AI_Player_723
2018-Apr-04 21:11:01 PM [http-nio-8080-exec-9] INFO  com.luvai.controller.QuestController - Boar Hunt quest setup by AI_Player_723 is commencing with participants: Mickey Mouse2, AI_Player_668, 
2018-Apr-04 21:25:42 PM [main] INFO  com.luvai.model.Game - 



 ****************************** Initialising new game ********************************
2018-Apr-04 21:25:42 PM [main] INFO  com.luvai.model.Decks.AdventureDeck - Shuffling adventure deck...
2018-Apr-04 21:25:42 PM [main] INFO  com.luvai.model.Decks.StoryDeck - Shuffling story deck...

2018-Apr-04 21:25:45 PM [http-nio-8080-exec-2] INFO  com.luvai.controller.SocketHandler - New player attempting to connect...
2018-Apr-04 21:25:45 PM [http-nio-8080-exec-2] INFO  com.luvai.controller.SocketHandler - Player from session#0 connected
2018-Apr-04 21:25:45 PM [http-nio-8080-exec-7] INFO  com.luvai.controller.SocketHandler - New player attempting to connect...
2018-Apr-04 21:25:45 PM [http-nio-8080-exec-7] INFO  com.luvai.controller.SocketHandler - Player from session#1 connected
2018-Apr-04 21:25:46 PM [http-nio-8080-exec-5] INFO  com.luvai.controller.SocketHandler - New player attempting to connect...
2018-Apr-04 21:25:46 PM [http-nio-8080-exec-5] INFO  com.luvai.controller.SocketHandler - Player from session#2 connected
2018-Apr-04 21:25:47 PM [http-nio-8080-exec-3] INFO  com.luvai.controller.SocketHandler - New player attempting to connect...
2018-Apr-04 21:25:47 PM [http-nio-8080-exec-3] INFO  com.luvai.controller.SocketHandler - Player from session#3 connected
2018-Apr-04 21:25:48 PM [http-nio-8080-exec-4] INFO  com.luvai.model.Game - Player Mickey Mouse is enrolled in the game
2018-Apr-04 21:25:48 PM [http-nio-8080-exec-4] INFO  com.luvai.controller.SocketHandler - Setting up rigged game
2018-Apr-04 21:25:48 PM [http-nio-8080-exec-4] INFO  com.luvai.model.Decks.StoryDeck - Initiating rigged story deck
2018-Apr-04 21:25:49 PM [http-nio-8080-exec-2] INFO  com.luvai.model.AI.AbstractAI - Initiating new AI player
2018-Apr-04 21:25:49 PM [http-nio-8080-exec-2] INFO  com.luvai.model.AI.Strategy2 - Assigning new AI Player strategy Strategy2
2018-Apr-04 21:25:49 PM [http-nio-8080-exec-2] INFO  com.luvai.controller.AIController - Player AI_Player_531 is enrolled in the game
2018-Apr-04 21:25:51 PM [http-nio-8080-exec-5] INFO  com.luvai.model.Game - Player Mickey Mouse2 is enrolled in the game
2018-Apr-04 21:25:53 PM [http-nio-8080-exec-6] INFO  com.luvai.model.Game - Player Mickey Mouse3 is enrolled in the game
2018-Apr-04 21:25:53 PM [http-nio-8080-exec-6] INFO  com.luvai.model.Game - All players have joined, starting game...
2018-Apr-04 21:25:53 PM [http-nio-8080-exec-6] INFO  com.luvai.controller.SocketHandler - Player Mickey Mouse is flipping new card from story deck: Boar Hunt
2018-Apr-04 21:25:55 PM [http-nio-8080-exec-8] INFO  com.luvai.model.Game - Mickey Mouse declined to sponsor quest Boar Hunt
2018-Apr-04 21:25:55 PM [http-nio-8080-exec-4] INFO  com.luvai.model.AI.Strategy2 - Strategy2 calculating whether to sponsor quest
2018-Apr-04 21:25:55 PM [http-nio-8080-exec-4] INFO  com.luvai.model.AI.Strategy2 - No players can evolve if this quest is sponsored
2018-Apr-04 21:25:55 PM [http-nio-8080-exec-4] INFO  com.luvai.model.AI.Strategy2 - Requirements to sponsor quest met
2018-Apr-04 21:25:55 PM [http-nio-8080-exec-4] INFO  com.luvai.model.AI.Strategy2 - Player AI_Player_531 accepted to sponsor quest Boar Hunt
2018-Apr-04 21:25:55 PM [http-nio-8080-exec-4] INFO  com.luvai.controller.QuestController - Initiating new quest Boar Hunt sponsored by AI_Player_531
2018-Apr-04 21:25:55 PM [http-nio-8080-exec-4] INFO  com.luvai.controller.QuestController - AI_Player_531 is setting up stages for Boar Hunt quest
2018-Apr-04 21:25:55 PM [http-nio-8080-exec-4] INFO  com.luvai.model.AI.Strategy2 - AI_Player_531 setting up Boar Hunt quest ensuring last stage battle has at least 40 points
2018-Apr-04 21:25:55 PM [http-nio-8080-exec-4] INFO  com.luvai.model.AI.Strategy2 - Player AI_Player_531 used test for 2nd last stage of Boar Hunt quest setup
2018-Apr-04 21:25:55 PM [http-nio-8080-exec-4] INFO  com.luvai.model.AI.Strategy2 - No more stages to set
2018-Apr-04 21:25:55 PM [http-nio-8080-exec-4] INFO  com.luvai.controller.QuestController - Player AI_Player_531 setup Boar Hunt quest with Test of Morgan Le Fey, Green Knight, Dagger, Horse, 
2018-Apr-04 21:25:55 PM [http-nio-8080-exec-2] INFO  com.luvai.model.Player - Player AI_Player_531 discarded Test of Morgan Le Fey
2018-Apr-04 21:25:55 PM [http-nio-8080-exec-5] INFO  com.luvai.model.Player - Player AI_Player_531 discarded Green Knight
2018-Apr-04 21:25:55 PM [http-nio-8080-exec-5] INFO  com.luvai.model.Player - Player AI_Player_531 discarded Dagger
2018-Apr-04 21:25:55 PM [http-nio-8080-exec-5] INFO  com.luvai.model.Player - Player AI_Player_531 discarded Horse
2018-Apr-04 21:25:56 PM [http-nio-8080-exec-6] INFO  com.luvai.controller.QuestController - Player Mickey Mouse2 accepted to participate in Boar Hunt quest sponsored by AI_Player_531
2018-Apr-04 21:25:56 PM [http-nio-8080-exec-6] INFO  com.luvai.controller.QuestController - Player Mickey Mouse2 getting new card Robber Knight
2018-Apr-04 21:25:58 PM [http-nio-8080-exec-10] INFO  com.luvai.controller.QuestController - Player Mickey Mouse3 accepted to participate in Boar Hunt quest sponsored by AI_Player_531
2018-Apr-04 21:25:58 PM [http-nio-8080-exec-10] INFO  com.luvai.controller.QuestController - Player Mickey Mouse3 getting new card Test of Valor
2018-Apr-04 21:26:00 PM [http-nio-8080-exec-3] INFO  com.luvai.controller.QuestController - Player Mickey Mouse denied to participate in Boar Hunt quest sponsored by AI_Player_531
2018-Apr-04 21:26:00 PM [http-nio-8080-exec-3] INFO  com.luvai.controller.QuestController - Boar Hunt quest setup by AI_Player_531 is commencing with participants: Mickey Mouse2, Mickey Mouse3, 
2018-Apr-04 21:26:07 PM [http-nio-8080-exec-7] INFO  com.luvai.controller.QuestController - Player Mickey Mouse2 bid Robber Knight, Test of the Questing Beast, Excalibur, Giant,  for test in quest Boar Hunt
2018-Apr-04 21:26:14 PM [http-nio-8080-exec-1] INFO  com.luvai.model.Player - Player Mickey Mouse3 discarded Test of Valor
2018-Apr-04 21:26:15 PM [http-nio-8080-exec-8] INFO  com.luvai.controller.QuestController - Player Mickey Mouse3 dropped out of test in quest Boar Hunt
2018-Apr-04 21:26:15 PM [http-nio-8080-exec-8] INFO  com.luvai.model.Player - Player Mickey Mouse2 used Robber Knight
2018-Apr-04 21:26:15 PM [http-nio-8080-exec-8] INFO  com.luvai.model.Player - Player Mickey Mouse2 used Test of the Questing Beast
2018-Apr-04 21:26:15 PM [http-nio-8080-exec-8] INFO  com.luvai.model.Player - Player Mickey Mouse2 used Excalibur
2018-Apr-04 21:26:15 PM [http-nio-8080-exec-8] INFO  com.luvai.model.Player - Player Mickey Mouse2 used Giant
2018-Apr-04 21:26:15 PM [http-nio-8080-exec-8] INFO  com.luvai.controller.SocketHandler - Player Mickey Mouse2 won test in Boar Hunt quest, advancing to stage 2
2018-Apr-04 21:26:47 PM [main] INFO  com.luvai.model.Game - 



 ****************************** Initialising new game ********************************
2018-Apr-04 21:26:47 PM [main] INFO  com.luvai.model.Decks.AdventureDeck - Shuffling adventure deck...
2018-Apr-04 21:26:47 PM [main] INFO  com.luvai.model.Decks.StoryDeck - Shuffling story deck...

2018-Apr-04 21:27:02 PM [http-nio-8080-exec-2] INFO  com.luvai.controller.SocketHandler - New player attempting to connect...
2018-Apr-04 21:27:02 PM [http-nio-8080-exec-2] INFO  com.luvai.controller.SocketHandler - Player from session#0 connected
2018-Apr-04 21:27:03 PM [http-nio-8080-exec-7] INFO  com.luvai.controller.SocketHandler - New player attempting to connect...
2018-Apr-04 21:27:03 PM [http-nio-8080-exec-7] INFO  com.luvai.controller.SocketHandler - Player from session#1 connected
2018-Apr-04 21:27:04 PM [http-nio-8080-exec-5] INFO  com.luvai.controller.SocketHandler - New player attempting to connect...
2018-Apr-04 21:27:04 PM [http-nio-8080-exec-5] INFO  com.luvai.controller.SocketHandler - Player from session#2 connected
2018-Apr-04 21:27:04 PM [http-nio-8080-exec-1] INFO  com.luvai.controller.SocketHandler - New player attempting to connect...
2018-Apr-04 21:27:04 PM [http-nio-8080-exec-1] INFO  com.luvai.controller.SocketHandler - Player from session#3 connected
2018-Apr-04 21:27:06 PM [http-nio-8080-exec-2] INFO  com.luvai.model.Game - Player Mickey Mouse is enrolled in the game
2018-Apr-04 21:27:06 PM [http-nio-8080-exec-2] INFO  com.luvai.controller.SocketHandler - Setting up rigged game
2018-Apr-04 21:27:06 PM [http-nio-8080-exec-2] INFO  com.luvai.model.Decks.StoryDeck - Initiating rigged story deck
2018-Apr-04 21:27:09 PM [http-nio-8080-exec-4] INFO  com.luvai.model.AI.AbstractAI - Initiating new AI player
2018-Apr-04 21:27:09 PM [http-nio-8080-exec-4] INFO  com.luvai.model.AI.Strategy2 - Assigning new AI Player strategy Strategy2
2018-Apr-04 21:27:09 PM [http-nio-8080-exec-4] INFO  com.luvai.controller.AIController - Player AI_Player_218 is enrolled in the game
2018-Apr-04 21:27:10 PM [http-nio-8080-exec-5] INFO  com.luvai.model.Game - Player Mickey Mouse3 is enrolled in the game
2018-Apr-04 21:27:13 PM [http-nio-8080-exec-6] INFO  com.luvai.model.Game - Player Mickey Mouse4 is enrolled in the game
2018-Apr-04 21:27:13 PM [http-nio-8080-exec-6] INFO  com.luvai.model.Game - All players have joined, starting game...
2018-Apr-04 21:27:13 PM [http-nio-8080-exec-6] INFO  com.luvai.controller.SocketHandler - Player Mickey Mouse is flipping new card from story deck: Boar Hunt
2018-Apr-04 21:27:15 PM [http-nio-8080-exec-3] INFO  com.luvai.model.Game - Mickey Mouse declined to sponsor quest Boar Hunt
2018-Apr-04 21:27:15 PM [http-nio-8080-exec-6] INFO  com.luvai.model.AI.Strategy2 - Strategy2 calculating whether to sponsor quest
2018-Apr-04 21:27:15 PM [http-nio-8080-exec-6] INFO  com.luvai.model.AI.Strategy2 - No players can evolve if this quest is sponsored
2018-Apr-04 21:27:15 PM [http-nio-8080-exec-6] INFO  com.luvai.model.AI.Strategy2 - Requirements to sponsor quest met
2018-Apr-04 21:27:15 PM [http-nio-8080-exec-6] INFO  com.luvai.model.AI.Strategy2 - Player AI_Player_218 accepted to sponsor quest Boar Hunt
2018-Apr-04 21:27:15 PM [http-nio-8080-exec-6] INFO  com.luvai.controller.QuestController - Initiating new quest Boar Hunt sponsored by AI_Player_218
2018-Apr-04 21:27:15 PM [http-nio-8080-exec-6] INFO  com.luvai.controller.QuestController - AI_Player_218 is setting up stages for Boar Hunt quest
2018-Apr-04 21:27:15 PM [http-nio-8080-exec-6] INFO  com.luvai.model.AI.Strategy2 - AI_Player_218 setting up Boar Hunt quest ensuring last stage battle has at least 40 points
2018-Apr-04 21:27:15 PM [http-nio-8080-exec-6] INFO  com.luvai.model.AI.Strategy2 - Player AI_Player_218 used test for 2nd last stage of Boar Hunt quest setup
2018-Apr-04 21:27:15 PM [http-nio-8080-exec-6] INFO  com.luvai.model.AI.Strategy2 - No more stages to set
2018-Apr-04 21:27:15 PM [http-nio-8080-exec-6] INFO  com.luvai.controller.QuestController - Player AI_Player_218 setup Boar Hunt quest with Test of Morgan Le Fey, Green Knight, Dagger, Horse, 
2018-Apr-04 21:27:15 PM [http-nio-8080-exec-6] INFO  com.luvai.model.Player - Player AI_Player_218 discarded Test of Morgan Le Fey
2018-Apr-04 21:27:15 PM [http-nio-8080-exec-6] INFO  com.luvai.model.Player - Player AI_Player_218 discarded Green Knight
2018-Apr-04 21:27:15 PM [http-nio-8080-exec-6] INFO  com.luvai.model.Player - Player AI_Player_218 discarded Dagger
2018-Apr-04 21:27:15 PM [http-nio-8080-exec-6] INFO  com.luvai.model.Player - Player AI_Player_218 discarded Horse
2018-Apr-04 21:27:17 PM [http-nio-8080-exec-10] INFO  com.luvai.controller.QuestController - Player Mickey Mouse3 accepted to participate in Boar Hunt quest sponsored by AI_Player_218
2018-Apr-04 21:27:17 PM [http-nio-8080-exec-10] INFO  com.luvai.controller.QuestController - Player Mickey Mouse3 getting new card Thieves
2018-Apr-04 21:27:18 PM [http-nio-8080-exec-7] INFO  com.luvai.controller.QuestController - Player Mickey Mouse4 accepted to participate in Boar Hunt quest sponsored by AI_Player_218
2018-Apr-04 21:27:18 PM [http-nio-8080-exec-7] INFO  com.luvai.controller.QuestController - Player Mickey Mouse4 getting new card Amour
2018-Apr-04 21:27:20 PM [http-nio-8080-exec-2] INFO  com.luvai.controller.QuestController - Player Mickey Mouse accepted to participate in Boar Hunt quest sponsored by AI_Player_218
2018-Apr-04 21:27:20 PM [http-nio-8080-exec-2] INFO  com.luvai.controller.QuestController - Player Mickey Mouse getting new card Lance
2018-Apr-04 21:27:20 PM [http-nio-8080-exec-2] INFO  com.luvai.controller.QuestController - Boar Hunt quest setup by AI_Player_218 is commencing with participants: Mickey Mouse3, Mickey Mouse4, Mickey Mouse, 
2018-Apr-04 21:27:26 PM [http-nio-8080-exec-8] INFO  com.luvai.controller.QuestController - Player Mickey Mouse3 bid Thieves, Test of the Questing Beast, Giant,  for test in quest Boar Hunt
2018-Apr-04 21:27:29 PM [http-nio-8080-exec-5] INFO  com.luvai.controller.QuestController - Player Mickey Mouse4 bid Amour, King Arthur, Thieves,  for test in quest Boar Hunt
2018-Apr-04 21:27:37 PM [http-nio-8080-exec-4] INFO  com.luvai.controller.QuestController - Player Mickey Mouse3 dropped out of test in quest Boar Hunt
2018-Apr-04 21:27:37 PM [http-nio-8080-exec-4] INFO  com.luvai.controller.SocketHandler - Player Mickey Mouse won test in Boar Hunt quest, advancing to stage 2
2018-Apr-04 21:27:50 PM [main] INFO  com.luvai.model.Game - 



 ****************************** Initialising new game ********************************
2018-Apr-04 21:27:50 PM [main] INFO  com.luvai.model.Decks.AdventureDeck - Shuffling adventure deck...
2018-Apr-04 21:27:50 PM [main] INFO  com.luvai.model.Decks.StoryDeck - Shuffling story deck...

2018-Apr-05 14:09:27 PM [main] INFO  com.luvai.model.Game - 



 ****************************** Initialising new game ********************************
2018-Apr-05 14:09:27 PM [main] INFO  com.luvai.model.Decks.AdventureDeck - Shuffling adventure deck...
2018-Apr-05 14:09:27 PM [main] INFO  com.luvai.model.Decks.StoryDeck - Shuffling story deck...

2018-Apr-05 14:09:51 PM [http-nio-8080-exec-3] INFO  com.luvai.controller.SocketHandler - New player attempting to connect...
2018-Apr-05 14:09:51 PM [http-nio-8080-exec-3] INFO  com.luvai.controller.SocketHandler - Player from session#1 connected
2018-Apr-05 14:09:51 PM [http-nio-8080-exec-1] INFO  com.luvai.controller.SocketHandler - New player attempting to connect...
2018-Apr-05 14:09:51 PM [http-nio-8080-exec-1] INFO  com.luvai.controller.SocketHandler - Player from session#0 connected
2018-Apr-05 14:09:53 PM [http-nio-8080-exec-8] INFO  com.luvai.controller.SocketHandler - New player attempting to connect...
2018-Apr-05 14:09:53 PM [http-nio-8080-exec-8] INFO  com.luvai.controller.SocketHandler - Player from session#2 connected
2018-Apr-05 14:09:55 PM [http-nio-8080-exec-7] INFO  com.luvai.controller.SocketHandler - New player attempting to connect...
2018-Apr-05 14:09:55 PM [http-nio-8080-exec-7] INFO  com.luvai.controller.SocketHandler - Player from session#3 connected
2018-Apr-05 14:09:56 PM [http-nio-8080-exec-6] INFO  com.luvai.model.Game - Player Mickey Mouse is enrolled in the game
2018-Apr-05 14:09:56 PM [http-nio-8080-exec-6] INFO  com.luvai.controller.SocketHandler - Setting up rigged game
2018-Apr-05 14:09:56 PM [http-nio-8080-exec-6] INFO  com.luvai.model.Decks.StoryDeck - Initiating rigged story deck
2018-Apr-05 14:10:00 PM [http-nio-8080-exec-9] INFO  com.luvai.model.Game - Player Mickey Mouse2 is enrolled in the game
2018-Apr-05 14:10:03 PM [http-nio-8080-exec-8] INFO  com.luvai.model.Game - Player Mickey Mouse3 is enrolled in the game
2018-Apr-05 14:10:05 PM [http-nio-8080-exec-10] INFO  com.luvai.model.Game - Player Mickey Mouse4 is enrolled in the game
2018-Apr-05 14:10:05 PM [http-nio-8080-exec-10] INFO  com.luvai.model.Game - All players have joined, starting game...
2018-Apr-05 14:10:05 PM [http-nio-8080-exec-10] INFO  com.luvai.controller.SocketHandler - Player Mickey Mouse is flipping new card from story deck: Boar Hunt
2018-Apr-05 14:10:06 PM [http-nio-8080-exec-8] INFO  com.luvai.model.Game - Mickey Mouse accepted to sponsor quest Boar Hunt
2018-Apr-05 14:10:06 PM [http-nio-8080-exec-8] INFO  com.luvai.controller.QuestController - Initiating new quest Boar Hunt sponsored by Mickey Mouse
2018-Apr-05 14:10:06 PM [http-nio-8080-exec-8] INFO  com.luvai.controller.QuestController - Mickey Mouse is setting up stages for Boar Hunt quest
2018-Apr-05 14:10:11 PM [http-nio-8080-exec-7] INFO  com.luvai.controller.SocketHandler - Player Mickey Mouse setup Boar Hunt quest with ["Boar","Saxons"]
2018-Apr-05 14:10:11 PM [http-nio-8080-exec-7] INFO  com.luvai.model.Player - Player Mickey Mouse discarded Boar
2018-Apr-05 14:10:11 PM [http-nio-8080-exec-7] INFO  com.luvai.model.Player - Player Mickey Mouse discarded Saxons
2018-Apr-05 14:10:13 PM [http-nio-8080-exec-10] INFO  com.luvai.controller.QuestController - Player Mickey Mouse2 accepted to participate in Boar Hunt quest sponsored by Mickey Mouse
2018-Apr-05 14:10:13 PM [http-nio-8080-exec-10] INFO  com.luvai.controller.QuestController - Player Mickey Mouse2 getting new card Giant
2018-Apr-05 14:10:15 PM [http-nio-8080-exec-9] INFO  com.luvai.controller.QuestController - Player Mickey Mouse3 denied to participate in Boar Hunt quest sponsored by Mickey Mouse
2018-Apr-05 14:10:16 PM [http-nio-8080-exec-6] INFO  com.luvai.controller.QuestController - Player Mickey Mouse4 denied to participate in Boar Hunt quest sponsored by Mickey Mouse
2018-Apr-05 14:10:16 PM [http-nio-8080-exec-6] INFO  com.luvai.controller.QuestController - Boar Hunt quest setup by Mickey Mouse is commencing with participants: Mickey Mouse2, 
2018-Apr-05 14:10:22 PM [http-nio-8080-exec-2] INFO  com.luvai.model.Player - Player Mickey Mouse2 discarded Amour
2018-Apr-05 14:11:21 PM [main] INFO  com.luvai.model.Game - 



 ****************************** Initialising new game ********************************
2018-Apr-05 14:11:21 PM [main] INFO  com.luvai.model.Decks.AdventureDeck - Shuffling adventure deck...
2018-Apr-05 14:11:21 PM [main] INFO  com.luvai.model.Decks.StoryDeck - Shuffling story deck...

2018-Apr-05 14:11:24 PM [http-nio-8080-exec-6] INFO  com.luvai.controller.SocketHandler - New player attempting to connect...
2018-Apr-05 14:11:24 PM [http-nio-8080-exec-6] INFO  com.luvai.controller.SocketHandler - Player from session#0 connected
2018-Apr-05 14:11:24 PM [http-nio-8080-exec-1] INFO  com.luvai.controller.SocketHandler - New player attempting to connect...
2018-Apr-05 14:11:24 PM [http-nio-8080-exec-1] INFO  com.luvai.controller.SocketHandler - Player from session#1 connected
2018-Apr-05 14:11:25 PM [http-nio-8080-exec-10] INFO  com.luvai.controller.SocketHandler - New player attempting to connect...
2018-Apr-05 14:11:25 PM [http-nio-8080-exec-10] INFO  com.luvai.controller.SocketHandler - Player from session#2 connected
2018-Apr-05 14:11:25 PM [http-nio-8080-exec-7] INFO  com.luvai.controller.SocketHandler - New player attempting to connect...
2018-Apr-05 14:11:25 PM [http-nio-8080-exec-7] INFO  com.luvai.controller.SocketHandler - Player from session#3 connected
2018-Apr-05 14:11:26 PM [http-nio-8080-exec-8] INFO  com.luvai.model.Game - Player Mickey Mouse is enrolled in the game
2018-Apr-05 14:11:27 PM [http-nio-8080-exec-8] INFO  com.luvai.controller.SocketHandler - Setting up rigged game
2018-Apr-05 14:11:27 PM [http-nio-8080-exec-8] INFO  com.luvai.model.Decks.StoryDeck - Initiating rigged story deck
2018-Apr-05 14:11:28 PM [http-nio-8080-exec-4] INFO  com.luvai.model.Game - Player Mickey Mouse2 is enrolled in the game
2018-Apr-05 14:11:30 PM [http-nio-8080-exec-10] INFO  com.luvai.model.Game - Player Mickey Mouse3 is enrolled in the game
2018-Apr-05 14:11:34 PM [http-nio-8080-exec-9] INFO  com.luvai.model.Game - Player Mickey Mouse4 is enrolled in the game
2018-Apr-05 14:11:34 PM [http-nio-8080-exec-9] INFO  com.luvai.model.Game - All players have joined, starting game...
2018-Apr-05 14:11:34 PM [http-nio-8080-exec-9] INFO  com.luvai.controller.SocketHandler - Player Mickey Mouse is flipping new card from story deck: Boar Hunt
2018-Apr-05 14:11:35 PM [http-nio-8080-exec-2] INFO  com.luvai.model.Game - Mickey Mouse accepted to sponsor quest Boar Hunt
2018-Apr-05 14:11:35 PM [http-nio-8080-exec-2] INFO  com.luvai.controller.QuestController - Initiating new quest Boar Hunt sponsored by Mickey Mouse
2018-Apr-05 14:11:35 PM [http-nio-8080-exec-2] INFO  com.luvai.controller.QuestController - Mickey Mouse is setting up stages for Boar Hunt quest
2018-Apr-05 14:11:38 PM [http-nio-8080-exec-3] INFO  com.luvai.controller.SocketHandler - Player Mickey Mouse setup Boar Hunt quest with ["Boar","Saxons"]
2018-Apr-05 14:11:38 PM [http-nio-8080-exec-3] INFO  com.luvai.model.Player - Player Mickey Mouse discarded Boar
2018-Apr-05 14:11:38 PM [http-nio-8080-exec-3] INFO  com.luvai.model.Player - Player Mickey Mouse discarded Saxons
2018-Apr-05 14:11:43 PM [http-nio-8080-exec-6] INFO  com.luvai.controller.QuestController - Player Mickey Mouse2 accepted to participate in Boar Hunt quest sponsored by Mickey Mouse
2018-Apr-05 14:11:43 PM [http-nio-8080-exec-6] INFO  com.luvai.controller.QuestController - Player Mickey Mouse2 getting new card Sword
2018-Apr-05 14:11:44 PM [http-nio-8080-exec-7] INFO  com.luvai.controller.QuestController - Player Mickey Mouse3 denied to participate in Boar Hunt quest sponsored by Mickey Mouse
2018-Apr-05 14:11:46 PM [http-nio-8080-exec-4] INFO  com.luvai.controller.QuestController - Player Mickey Mouse4 denied to participate in Boar Hunt quest sponsored by Mickey Mouse
2018-Apr-05 14:11:46 PM [http-nio-8080-exec-4] INFO  com.luvai.controller.QuestController - Boar Hunt quest setup by Mickey Mouse is commencing with participants: Mickey Mouse2, 
2018-Apr-05 14:11:49 PM [http-nio-8080-exec-9] INFO  com.luvai.model.Player - Player Mickey Mouse2 discarded Amour
2018-Apr-05 14:12:24 PM [main] INFO  com.luvai.model.Game - 



 ****************************** Initialising new game ********************************
2018-Apr-05 14:12:24 PM [main] INFO  com.luvai.model.Decks.AdventureDeck - Shuffling adventure deck...
2018-Apr-05 14:12:24 PM [main] INFO  com.luvai.model.Decks.StoryDeck - Shuffling story deck...

2018-Apr-05 14:12:27 PM [http-nio-8080-exec-3] INFO  com.luvai.controller.SocketHandler - New player attempting to connect...
2018-Apr-05 14:12:27 PM [http-nio-8080-exec-3] INFO  com.luvai.controller.SocketHandler - Player from session#1 connected
2018-Apr-05 14:12:27 PM [http-nio-8080-exec-1] INFO  com.luvai.controller.SocketHandler - New player attempting to connect...
2018-Apr-05 14:12:27 PM [http-nio-8080-exec-1] INFO  com.luvai.controller.SocketHandler - Player from session#0 connected
2018-Apr-05 14:12:27 PM [http-nio-8080-exec-10] INFO  com.luvai.controller.SocketHandler - New player attempting to connect...
2018-Apr-05 14:12:27 PM [http-nio-8080-exec-10] INFO  com.luvai.controller.SocketHandler - Player from session#2 connected
2018-Apr-05 14:12:28 PM [http-nio-8080-exec-7] INFO  com.luvai.controller.SocketHandler - New player attempting to connect...
2018-Apr-05 14:12:28 PM [http-nio-8080-exec-7] INFO  com.luvai.controller.SocketHandler - Player from session#3 connected
2018-Apr-05 14:12:28 PM [http-nio-8080-exec-4] INFO  com.luvai.controller.SocketHandler - New player attempting to connect...
2018-Apr-05 14:12:28 PM [http-nio-8080-exec-4] INFO  com.luvai.controller.SocketHandler - Player from session#4 connected
2018-Apr-05 14:12:30 PM [http-nio-8080-exec-9] INFO  com.luvai.model.Game - Player Mickey Mouse is enrolled in the game
2018-Apr-05 14:12:30 PM [http-nio-8080-exec-9] INFO  com.luvai.controller.SocketHandler - Setting up rigged game
2018-Apr-05 14:12:30 PM [http-nio-8080-exec-9] INFO  com.luvai.model.Decks.StoryDeck - Initiating rigged story deck
2018-Apr-05 14:12:32 PM [http-nio-8080-exec-7] INFO  com.luvai.model.Game - Player Mickey Mouse2 is enrolled in the game
2018-Apr-05 14:12:35 PM [http-nio-8080-exec-8] INFO  com.luvai.model.Game - Player Mickey Mouse3 is enrolled in the game
2018-Apr-05 14:12:37 PM [http-nio-8080-exec-1] INFO  com.luvai.model.Game - Player 4Mickey Mouse is enrolled in the game
2018-Apr-05 14:12:37 PM [http-nio-8080-exec-1] INFO  com.luvai.model.Game - All players have joined, starting game...
2018-Apr-05 14:12:37 PM [http-nio-8080-exec-1] INFO  com.luvai.controller.SocketHandler - Player Mickey Mouse is flipping new card from story deck: Boar Hunt
2018-Apr-05 14:12:39 PM [http-nio-8080-exec-4] INFO  com.luvai.model.Game - Mickey Mouse accepted to sponsor quest Boar Hunt
2018-Apr-05 14:12:39 PM [http-nio-8080-exec-4] INFO  com.luvai.controller.QuestController - Initiating new quest Boar Hunt sponsored by Mickey Mouse
2018-Apr-05 14:12:39 PM [http-nio-8080-exec-4] INFO  com.luvai.controller.QuestController - Mickey Mouse is setting up stages for Boar Hunt quest
2018-Apr-05 14:12:42 PM [http-nio-8080-exec-8] INFO  com.luvai.controller.SocketHandler - Player Mickey Mouse setup Boar Hunt quest with ["Boar","Saxons"]
2018-Apr-05 14:12:42 PM [http-nio-8080-exec-8] INFO  com.luvai.model.Player - Player Mickey Mouse discarded Boar
2018-Apr-05 14:12:42 PM [http-nio-8080-exec-8] INFO  com.luvai.model.Player - Player Mickey Mouse discarded Saxons
2018-Apr-05 14:12:44 PM [http-nio-8080-exec-7] INFO  com.luvai.controller.QuestController - Player Mickey Mouse2 accepted to participate in Boar Hunt quest sponsored by Mickey Mouse
2018-Apr-05 14:12:44 PM [http-nio-8080-exec-7] INFO  com.luvai.controller.QuestController - Player Mickey Mouse2 getting new card Battle-ax
2018-Apr-05 14:12:45 PM [http-nio-8080-exec-2] INFO  com.luvai.controller.QuestController - Player Mickey Mouse3 denied to participate in Boar Hunt quest sponsored by Mickey Mouse
2018-Apr-05 14:12:47 PM [http-nio-8080-exec-5] INFO  com.luvai.controller.QuestController - Player 4Mickey Mouse denied to participate in Boar Hunt quest sponsored by Mickey Mouse
2018-Apr-05 14:12:47 PM [http-nio-8080-exec-5] INFO  com.luvai.controller.QuestController - Boar Hunt quest setup by Mickey Mouse is commencing with participants: Mickey Mouse2, 
2018-Apr-05 14:16:07 PM [main] INFO  com.luvai.model.Game - 



 ****************************** Initialising new game ********************************
2018-Apr-05 14:16:07 PM [main] INFO  com.luvai.model.Decks.AdventureDeck - Shuffling adventure deck...
2018-Apr-05 14:16:07 PM [main] INFO  com.luvai.model.Decks.StoryDeck - Shuffling story deck...

2018-Apr-05 14:16:29 PM [main] INFO  com.luvai.model.Game - 



 ****************************** Initialising new game ********************************
2018-Apr-05 14:16:29 PM [main] INFO  com.luvai.model.Decks.AdventureDeck - Shuffling adventure deck...
2018-Apr-05 14:16:29 PM [main] INFO  com.luvai.model.Decks.StoryDeck - Shuffling story deck...

2018-Apr-05 14:16:32 PM [http-nio-8080-exec-7] INFO  com.luvai.controller.SocketHandler - New player attempting to connect...
2018-Apr-05 14:16:32 PM [http-nio-8080-exec-7] INFO  com.luvai.controller.SocketHandler - Player from session#0 connected
2018-Apr-05 14:16:32 PM [http-nio-8080-exec-3] INFO  com.luvai.controller.SocketHandler - New player attempting to connect...
2018-Apr-05 14:16:32 PM [http-nio-8080-exec-3] INFO  com.luvai.controller.SocketHandler - Player from session#1 connected
2018-Apr-05 14:16:33 PM [http-nio-8080-exec-1] INFO  com.luvai.controller.SocketHandler - New player attempting to connect...
2018-Apr-05 14:16:33 PM [http-nio-8080-exec-1] INFO  com.luvai.controller.SocketHandler - Player from session#2 connected
2018-Apr-05 14:16:33 PM [http-nio-8080-exec-6] INFO  com.luvai.controller.SocketHandler - New player attempting to connect...
2018-Apr-05 14:16:33 PM [http-nio-8080-exec-6] INFO  com.luvai.controller.SocketHandler - Player from session#3 connected
2018-Apr-05 14:16:35 PM [http-nio-8080-exec-9] INFO  com.luvai.model.Game - Player Mickey Mouse is enrolled in the game
2018-Apr-05 14:16:35 PM [http-nio-8080-exec-9] INFO  com.luvai.controller.SocketHandler - Setting up rigged game
2018-Apr-05 14:16:35 PM [http-nio-8080-exec-9] INFO  com.luvai.model.Decks.StoryDeck - Initiating rigged story deck
2018-Apr-05 14:16:37 PM [http-nio-8080-exec-10] INFO  com.luvai.model.Game - Player Mickey Mouse2 is enrolled in the game
2018-Apr-05 14:16:39 PM [http-nio-8080-exec-1] INFO  com.luvai.model.Game - Player Mickey Mouse3 is enrolled in the game
2018-Apr-05 14:16:40 PM [http-nio-8080-exec-2] INFO  com.luvai.model.Game - Player Mickey Mouse4 is enrolled in the game
2018-Apr-05 14:16:40 PM [http-nio-8080-exec-2] INFO  com.luvai.model.Game - All players have joined, starting game...
2018-Apr-05 14:16:40 PM [http-nio-8080-exec-2] INFO  com.luvai.controller.SocketHandler - Player Mickey Mouse is flipping new card from story deck: Boar Hunt
2018-Apr-05 14:16:42 PM [http-nio-8080-exec-4] INFO  com.luvai.model.Game - Mickey Mouse accepted to sponsor quest Boar Hunt
2018-Apr-05 14:16:42 PM [http-nio-8080-exec-4] INFO  com.luvai.controller.QuestController - Initiating new quest Boar Hunt sponsored by Mickey Mouse
2018-Apr-05 14:16:42 PM [http-nio-8080-exec-4] INFO  com.luvai.controller.QuestController - Mickey Mouse is setting up stages for Boar Hunt quest
2018-Apr-05 14:16:46 PM [http-nio-8080-exec-5] INFO  com.luvai.controller.SocketHandler - Player Mickey Mouse setup Boar Hunt quest with ["Boar","Saxons"]
2018-Apr-05 14:16:46 PM [http-nio-8080-exec-5] INFO  com.luvai.model.Player - Player Mickey Mouse discarded Boar
2018-Apr-05 14:16:46 PM [http-nio-8080-exec-5] INFO  com.luvai.model.Player - Player Mickey Mouse discarded Saxons
2018-Apr-05 14:16:51 PM [http-nio-8080-exec-3] INFO  com.luvai.controller.QuestController - Player Mickey Mouse2 accepted to participate in Boar Hunt quest sponsored by Mickey Mouse
2018-Apr-05 14:16:51 PM [http-nio-8080-exec-3] INFO  com.luvai.controller.QuestController - Player Mickey Mouse2 getting new card Saxons
2018-Apr-05 14:16:53 PM [http-nio-8080-exec-10] INFO  com.luvai.controller.QuestController - Player Mickey Mouse3 accepted to participate in Boar Hunt quest sponsored by Mickey Mouse
2018-Apr-05 14:16:53 PM [http-nio-8080-exec-10] INFO  com.luvai.controller.QuestController - Player Mickey Mouse3 getting new card Dagger
2018-Apr-05 14:16:57 PM [http-nio-8080-exec-8] INFO  com.luvai.controller.QuestController - Player Mickey Mouse4 accepted to participate in Boar Hunt quest sponsored by Mickey Mouse
2018-Apr-05 14:16:57 PM [http-nio-8080-exec-8] INFO  com.luvai.controller.QuestController - Player Mickey Mouse4 getting new card Saxons
2018-Apr-05 14:16:57 PM [http-nio-8080-exec-8] INFO  com.luvai.controller.QuestController - Boar Hunt quest setup by Mickey Mouse is commencing with participants: Mickey Mouse2, Mickey Mouse3, Mickey Mouse4, 
2018-Apr-05 14:18:34 PM [main] INFO  com.luvai.model.Game - 



 ****************************** Initialising new game ********************************
2018-Apr-05 14:18:34 PM [main] INFO  com.luvai.model.Decks.AdventureDeck - Shuffling adventure deck...
2018-Apr-05 14:18:34 PM [main] INFO  com.luvai.model.Decks.StoryDeck - Shuffling story deck...

2018-Apr-05 14:18:37 PM [http-nio-8080-exec-7] INFO  com.luvai.controller.SocketHandler - New player attempting to connect...
2018-Apr-05 14:18:37 PM [http-nio-8080-exec-7] INFO  com.luvai.controller.SocketHandler - Player from session#0 connected
2018-Apr-05 14:18:38 PM [http-nio-8080-exec-4] INFO  com.luvai.controller.SocketHandler - New player attempting to connect...
2018-Apr-05 14:18:38 PM [http-nio-8080-exec-4] INFO  com.luvai.controller.SocketHandler - Player from session#1 connected
2018-Apr-05 14:18:38 PM [http-nio-8080-exec-10] INFO  com.luvai.controller.SocketHandler - New player attempting to connect...
2018-Apr-05 14:18:38 PM [http-nio-8080-exec-10] INFO  com.luvai.controller.SocketHandler - Player from session#2 connected
2018-Apr-05 14:18:39 PM [http-nio-8080-exec-8] INFO  com.luvai.controller.SocketHandler - New player attempting to connect...
2018-Apr-05 14:18:39 PM [http-nio-8080-exec-8] INFO  com.luvai.controller.SocketHandler - Player from session#3 connected
2018-Apr-05 14:18:40 PM [http-nio-8080-exec-9] INFO  com.luvai.model.Game - Player Mickey Mouse is enrolled in the game
2018-Apr-05 14:18:40 PM [http-nio-8080-exec-9] INFO  com.luvai.controller.SocketHandler - Setting up rigged game
2018-Apr-05 14:18:40 PM [http-nio-8080-exec-9] INFO  com.luvai.model.Decks.StoryDeck - Initiating rigged story deck
2018-Apr-05 14:18:42 PM [http-nio-8080-exec-1] INFO  com.luvai.model.Game - Player Mickey Mouse2 is enrolled in the game
2018-Apr-05 14:18:44 PM [http-nio-8080-exec-10] INFO  com.luvai.model.Game - Player Mickey Mouse3 is enrolled in the game
2018-Apr-05 14:18:46 PM [http-nio-8080-exec-2] INFO  com.luvai.model.Game - Player Mickey Mouse4 is enrolled in the game
2018-Apr-05 14:18:46 PM [http-nio-8080-exec-2] INFO  com.luvai.model.Game - All players have joined, starting game...
2018-Apr-05 14:18:46 PM [http-nio-8080-exec-2] INFO  com.luvai.controller.SocketHandler - Player Mickey Mouse is flipping new card from story deck: Boar Hunt
2018-Apr-05 14:18:49 PM [http-nio-8080-exec-3] INFO  com.luvai.model.Game - Mickey Mouse accepted to sponsor quest Boar Hunt
2018-Apr-05 14:18:49 PM [http-nio-8080-exec-3] INFO  com.luvai.controller.QuestController - Initiating new quest Boar Hunt sponsored by Mickey Mouse
2018-Apr-05 14:18:49 PM [http-nio-8080-exec-3] INFO  com.luvai.controller.QuestController - Mickey Mouse is setting up stages for Boar Hunt quest
2018-Apr-05 14:19:08 PM [http-nio-8080-exec-1] INFO  com.luvai.controller.SocketHandler - Player Mickey Mouse setup Boar Hunt quest with ["Saxons","Boar"]
2018-Apr-05 14:19:08 PM [http-nio-8080-exec-1] INFO  com.luvai.model.Player - Player Mickey Mouse discarded Saxons
2018-Apr-05 14:19:08 PM [http-nio-8080-exec-1] INFO  com.luvai.model.Player - Player Mickey Mouse discarded Boar
2018-Apr-05 14:19:15 PM [http-nio-8080-exec-4] INFO  com.luvai.controller.QuestController - Player Mickey Mouse2 accepted to participate in Boar Hunt quest sponsored by Mickey Mouse
2018-Apr-05 14:19:15 PM [http-nio-8080-exec-4] INFO  com.luvai.controller.QuestController - Player Mickey Mouse2 getting new card Dagger
2018-Apr-05 14:19:17 PM [http-nio-8080-exec-9] INFO  com.luvai.controller.QuestController - Player Mickey Mouse3 accepted to participate in Boar Hunt quest sponsored by Mickey Mouse
2018-Apr-05 14:19:17 PM [http-nio-8080-exec-9] INFO  com.luvai.controller.QuestController - Player Mickey Mouse3 getting new card Dragon
2018-Apr-05 14:19:18 PM [http-nio-8080-exec-6] INFO  com.luvai.controller.QuestController - Player Mickey Mouse4 accepted to participate in Boar Hunt quest sponsored by Mickey Mouse
2018-Apr-05 14:19:18 PM [http-nio-8080-exec-6] INFO  com.luvai.controller.QuestController - Player Mickey Mouse4 getting new card Sir Lancelot
2018-Apr-05 14:19:18 PM [http-nio-8080-exec-6] INFO  com.luvai.controller.QuestController - Boar Hunt quest setup by Mickey Mouse is commencing with participants: Mickey Mouse2, Mickey Mouse3, Mickey Mouse4, 
2018-Apr-05 14:19:19 PM [http-nio-8080-exec-7] INFO  com.luvai.model.Player - Player Mickey Mouse4 allied with King Arthur as discard
2018-Apr-05 14:19:22 PM [http-nio-8080-exec-8] INFO  com.luvai.controller.QuestController - Player Mickey Mouse4 chose  for stage 1 of Boar Hunt quest
2018-Apr-05 14:19:29 PM [http-nio-8080-exec-2] INFO  com.luvai.model.Player - Player Mickey Mouse2 equipped Amour as discard
2018-Apr-05 14:19:31 PM [http-nio-8080-exec-5] INFO  com.luvai.controller.QuestController - Player Mickey Mouse2 chose  for stage 1 of Boar Hunt quest
2018-Apr-05 14:19:45 PM [http-nio-8080-exec-10] INFO  com.luvai.model.Player - Player Mickey Mouse3 allied with King Arthur as discard
2018-Apr-05 14:19:46 PM [http-nio-8080-exec-3] INFO  com.luvai.controller.QuestController - Player Mickey Mouse3 chose  for stage 1 of Boar Hunt quest
2018-Apr-05 14:19:46 PM [http-nio-8080-exec-3] INFO  com.luvai.controller.SocketHandler - All players have chosen equipment for stage 1 of Boar Hunt quest which is a test: false
2018-Apr-05 14:19:46 PM [http-nio-8080-exec-3] INFO  com.luvai.controller.SocketHandler - Displaying battle screen
2018-Apr-05 14:19:46 PM [http-nio-8080-exec-3] INFO  com.luvai.controller.QuestController - Boar Hunt quest stage 1 is a foe battle
2018-Apr-05 14:19:46 PM [http-nio-8080-exec-3] INFO  com.luvai.controller.QuestController - Participant battles commencing against foe Saxons with 10 battle points
2018-Apr-05 14:19:46 PM [http-nio-8080-exec-3] INFO  com.luvai.controller.QuestController - Battle against participant Mickey Mouse2 with 15 battle points is starting - versus Saxons with 10 points
2018-Apr-05 14:19:46 PM [http-nio-8080-exec-3] INFO  com.luvai.controller.QuestController - Player Mickey Mouse2 has WON battle
2018-Apr-05 14:19:46 PM [http-nio-8080-exec-3] INFO  com.luvai.controller.QuestController - Battle against participant Mickey Mouse3 with 15 battle points is starting - versus Saxons with 10 points
2018-Apr-05 14:19:46 PM [http-nio-8080-exec-3] INFO  com.luvai.controller.QuestController - Player Mickey Mouse2 has WON battle
2018-Apr-05 14:19:46 PM [http-nio-8080-exec-3] INFO  com.luvai.controller.QuestController - Battle against participant Mickey Mouse4 with 15 battle points is starting - versus Saxons with 10 points
2018-Apr-05 14:19:46 PM [http-nio-8080-exec-3] INFO  com.luvai.controller.QuestController - Player Mickey Mouse2 has WON battle
2018-Apr-05 14:19:46 PM [http-nio-8080-exec-3] INFO  com.luvai.controller.QuestController - Stage 1 is over
