2018-Mar-26 07:22:11 AM [main] INFO  com.luvai.model.Game - 



 ****************************** Initialising new game ********************************
2018-Mar-26 07:22:11 AM [main] INFO  com.luvai.model.Decks.AdventureDeck - Shuffling adventure deck...
2018-Mar-26 07:22:11 AM [main] INFO  com.luvai.model.Decks.StoryDeck - Shuffling story deck...

2018-Mar-26 07:22:36 AM [http-nio-8080-exec-7] INFO  com.luvai.controller.SocketHandler - New player attempting to connect...
2018-Mar-26 07:22:36 AM [http-nio-8080-exec-7] INFO  com.luvai.controller.SocketHandler - Player from session#0 connected
2018-Mar-26 07:22:37 AM [http-nio-8080-exec-5] INFO  com.luvai.controller.SocketHandler - New player attempting to connect...
2018-Mar-26 07:22:37 AM [http-nio-8080-exec-5] INFO  com.luvai.controller.SocketHandler - Player from session#1 connected
2018-Mar-26 07:22:37 AM [http-nio-8080-exec-3] INFO  com.luvai.controller.SocketHandler - New player attempting to connect...
2018-Mar-26 07:22:37 AM [http-nio-8080-exec-3] INFO  com.luvai.controller.SocketHandler - Player from session#2 connected
2018-Mar-26 07:22:38 AM [http-nio-8080-exec-7] INFO  com.luvai.controller.SocketHandler - New player attempting to connect...
2018-Mar-26 07:22:38 AM [http-nio-8080-exec-7] INFO  com.luvai.controller.SocketHandler - Player from session#3 connected
2018-Mar-26 07:22:40 AM [http-nio-8080-exec-9] INFO  com.luvai.controller.SocketHandler - Player Mickey Mouse is enrolled in the game
2018-Mar-26 07:22:40 AM [http-nio-8080-exec-9] INFO  com.luvai.controller.SocketHandler - Setting up rigged game
2018-Mar-26 07:22:40 AM [http-nio-8080-exec-9] INFO  com.luvai.model.Decks.StoryDeck - Initiating rigged story deck
2018-Mar-26 07:22:46 AM [http-nio-8080-exec-10] INFO  com.luvai.controller.SocketHandler - Player Mickey Mouse2 is enrolled in the game
2018-Mar-26 07:22:48 AM [http-nio-8080-exec-3] INFO  com.luvai.controller.SocketHandler - Player Mickey Mouse3 is enrolled in the game
2018-Mar-26 07:22:51 AM [http-nio-8080-exec-4] INFO  com.luvai.controller.SocketHandler - Player Mickey Mouse4 is enrolled in the game
2018-Mar-26 07:22:51 AM [http-nio-8080-exec-4] INFO  com.luvai.controller.SocketHandler - All players have joined, starting game...
2018-Mar-26 07:22:51 AM [http-nio-8080-exec-4] INFO  com.luvai.controller.SocketHandler - Player Mickey Mouse is flipping new card from story deck: Boar Hunt
2018-Mar-26 07:22:54 AM [http-nio-8080-exec-8] INFO  com.luvai.controller.SocketHandler - Mickey Mouse declined to sponsor quest Boar Hunt
2018-Mar-26 07:22:57 AM [http-nio-8080-exec-2] INFO  com.luvai.controller.SocketHandler - Mickey Mouse2 accepted to sponsor quest Boar Hunt
2018-Mar-26 07:22:57 AM [http-nio-8080-exec-2] INFO  com.luvai.controller.QuestController - Initiating new quest Boar Hunt sponsored by Mickey Mouse2
2018-Mar-26 07:22:57 AM [http-nio-8080-exec-2] INFO  com.luvai.controller.QuestController - Mickey Mouse2 is setting up stages for Boar Hunt quest
2018-Mar-26 07:23:23 AM [http-nio-8080-exec-4] INFO  com.luvai.model.Player - Player Mickey Mouse2 used Robber Knight in quest setup
2018-Mar-26 07:23:23 AM [http-nio-8080-exec-4] INFO  com.luvai.model.Player - Player Mickey Mouse2 used Dagger in quest setup
2018-Mar-26 07:23:23 AM [http-nio-8080-exec-4] INFO  com.luvai.model.Player - Player Mickey Mouse2 used Green Knight in quest setup
2018-Mar-26 07:23:31 AM [http-nio-8080-exec-9] INFO  com.luvai.controller.SocketHandler - Player Mickey Mouse3 denied to participate in Boar Hunt quest sponsored by Mickey Mouse2
2018-Mar-26 07:23:33 AM [http-nio-8080-exec-1] INFO  com.luvai.controller.SocketHandler - Player Mickey Mouse4 accepted to participate in Boar Hunt quest sponsored by Mickey Mouse2
2018-Mar-26 07:23:35 AM [http-nio-8080-exec-5] INFO  com.luvai.controller.SocketHandler - Player Mickey Mouse accepted to participate in Boar Hunt quest sponsored by Mickey Mouse2
2018-Mar-26 07:23:52 AM [http-nio-8080-exec-4] INFO  com.luvai.model.Player - Player Mickey Mouse4 discarded Saxon Knight
2018-Mar-26 07:23:53 AM [http-nio-8080-exec-9] INFO  com.luvai.controller.SocketHandler - Player "Mickey Mouse4" chose [] to use for stage 1 of Boar Hunt quest
2018-Mar-26 07:23:53 AM [http-nio-8080-exec-1] INFO  com.luvai.controller.SocketHandler - Player Mickey Mouse4 was defeated in Boar Hunt quest battle
2018-Mar-26 07:24:01 AM [http-nio-8080-exec-3] INFO  com.luvai.controller.SocketHandler - Player "Mickey Mouse" chose ["Excalibur"] to use for stage 1 of Boar Hunt quest
2018-Mar-26 07:24:01 AM [http-nio-8080-exec-3] INFO  com.luvai.model.Player - Player Mickey Mouse equipped Excalibur
2018-Mar-26 07:24:01 AM [http-nio-8080-exec-10] INFO  com.luvai.controller.SocketHandler - Player Mickey Mouse was victorious in Boar Hunt quest battle
2018-Mar-26 07:24:04 AM [http-nio-8080-exec-6] INFO  com.luvai.controller.SocketHandler - Player "Mickey Mouse" chose ["Dagger"] to use for stage 2 of Boar Hunt quest
2018-Mar-26 07:24:04 AM [http-nio-8080-exec-6] INFO  com.luvai.model.Player - Player Mickey Mouse equipped Dagger
2018-Mar-26 07:24:04 AM [http-nio-8080-exec-8] INFO  com.luvai.controller.SocketHandler - Player Mickey Mouse was defeated in Boar Hunt quest battle
2018-Mar-26 07:24:04 AM [http-nio-8080-exec-8] INFO  com.luvai.controller.SocketHandler - All players defeated in Boar Hunt quest sponsored by Mickey Mouse2
2018-Mar-26 07:24:04 AM [http-nio-8080-exec-8] INFO  com.luvai.controller.SocketHandler - Player Mickey Mouse2 who sponsored Boar Hunt quest is receiving 5 card due to sponsoring quest
2018-Mar-26 07:24:18 AM [http-nio-8080-exec-5] INFO  com.luvai.model.Player - Player Mickey Mouse2 discarded Thieves
2018-Mar-26 07:24:18 AM [http-nio-8080-exec-3] INFO  com.luvai.model.Player - Player Mickey Mouse2 discarded Sword
2018-Mar-26 07:24:22 AM [http-nio-8080-exec-10] INFO  com.luvai.controller.SocketHandler - Player Mickey Mouse3 is flipping new card from story deck: Rescue the Fair Maiden
2018-Mar-26 07:24:24 AM [http-nio-8080-exec-1] INFO  com.luvai.controller.SocketHandler - Mickey Mouse3 accepted to sponsor quest Rescue the Fair Maiden
2018-Mar-26 07:24:24 AM [http-nio-8080-exec-1] INFO  com.luvai.controller.QuestController - Initiating new quest Rescue the Fair Maiden sponsored by Mickey Mouse3
2018-Mar-26 07:24:24 AM [http-nio-8080-exec-1] INFO  com.luvai.controller.QuestController - Mickey Mouse3 is setting up stages for Rescue the Fair Maiden quest
2018-Mar-26 07:24:43 AM [http-nio-8080-exec-4] INFO  com.luvai.model.Player - Player Mickey Mouse3 used Black Knight in quest setup
2018-Mar-26 07:24:43 AM [http-nio-8080-exec-4] INFO  com.luvai.model.Player - Player Mickey Mouse3 used Horse in quest setup
2018-Mar-26 07:24:43 AM [http-nio-8080-exec-4] INFO  com.luvai.model.Player - Player Mickey Mouse3 used Test of the Questing Beast in quest setup
2018-Mar-26 07:24:43 AM [http-nio-8080-exec-4] INFO  com.luvai.model.Player - Player Mickey Mouse3 used Dragon in quest setup
2018-Mar-26 07:24:54 AM [http-nio-8080-exec-9] INFO  com.luvai.controller.SocketHandler - Player Mickey Mouse4 accepted to participate in Rescue the Fair Maiden quest sponsored by Mickey Mouse3
2018-Mar-26 07:24:56 AM [http-nio-8080-exec-5] INFO  com.luvai.controller.SocketHandler - Player Mickey Mouse denied to participate in Rescue the Fair Maiden quest sponsored by Mickey Mouse3
2018-Mar-26 07:24:59 AM [http-nio-8080-exec-3] INFO  com.luvai.controller.SocketHandler - Player Mickey Mouse2 denied to participate in Rescue the Fair Maiden quest sponsored by Mickey Mouse3
2018-Mar-26 07:25:05 AM [http-nio-8080-exec-10] INFO  com.luvai.model.Player - Player Mickey Mouse4 discarded Saxon Knight
2018-Mar-26 07:25:06 AM [http-nio-8080-exec-6] INFO  com.luvai.controller.SocketHandler - Player "Mickey Mouse4" chose [] to use for stage 1 of Rescue the Fair Maiden quest
2018-Mar-26 07:25:06 AM [http-nio-8080-exec-7] INFO  com.luvai.controller.SocketHandler - Player Mickey Mouse4 was defeated in Rescue the Fair Maiden quest battle
2018-Mar-26 07:25:06 AM [http-nio-8080-exec-7] INFO  com.luvai.controller.SocketHandler - All players defeated in Rescue the Fair Maiden quest sponsored by Mickey Mouse3
2018-Mar-26 07:25:06 AM [http-nio-8080-exec-7] INFO  com.luvai.controller.SocketHandler - Player Mickey Mouse3 who sponsored Rescue the Fair Maiden quest is receiving 7 card due to sponsoring quest
2018-Mar-26 07:25:11 AM [http-nio-8080-exec-3] INFO  com.luvai.model.Player - Player Mickey Mouse3 discarded Lance
2018-Mar-26 07:25:11 AM [http-nio-8080-exec-10] INFO  com.luvai.model.Player - Player Mickey Mouse3 discarded Thieves
2018-Mar-26 07:25:11 AM [http-nio-8080-exec-6] INFO  com.luvai.model.Player - Player Mickey Mouse3 discarded Sword
2018-Mar-26 07:25:14 AM [http-nio-8080-exec-7] INFO  com.luvai.controller.SocketHandler - Player Mickey Mouse4 is flipping new card from story deck: Chivalrous Deed
2018-Mar-26 07:25:14 AM [http-nio-8080-exec-7] INFO  com.luvai.controller.EventController - Player Mickey Mouse4 has initiated event Chivalrous Deed
2018-Mar-26 07:25:14 AM [http-nio-8080-exec-7] INFO  com.luvai.controller.EventController - Mickey Mouse with 0 shields
2018-Mar-26 07:25:14 AM [http-nio-8080-exec-7] INFO  com.luvai.controller.EventController - Mickey Mouse2 with 0 shields
2018-Mar-26 07:25:14 AM [http-nio-8080-exec-7] INFO  com.luvai.controller.EventController - Mickey Mouse3 with 0 shields
2018-Mar-26 07:25:14 AM [http-nio-8080-exec-7] INFO  com.luvai.controller.EventController - Mickey Mouse4 with 0 shields
2018-Mar-26 07:25:14 AM [http-nio-8080-exec-7] INFO  com.luvai.controller.EventController -  Mickey Mouse is awarded with 3 shields for a total of 3
2018-Mar-26 07:25:14 AM [http-nio-8080-exec-7] INFO  com.luvai.controller.EventController -  Mickey Mouse2 is awarded with 3 shields for a total of 3
2018-Mar-26 07:25:14 AM [http-nio-8080-exec-7] INFO  com.luvai.controller.EventController -  Mickey Mouse3 is awarded with 3 shields for a total of 3
2018-Mar-26 07:25:14 AM [http-nio-8080-exec-7] INFO  com.luvai.controller.EventController -  Mickey Mouse4 is awarded with 3 shields for a total of 3
2018-Mar-26 07:25:14 AM [http-nio-8080-exec-7] INFO  com.luvai.controller.EventController - Event Chivalrous Deed has concluded
