2018-Mar-06 04:38:05 AM [main] INFO  org.springframework.web.servlet.DispatcherServlet - FrameworkServlet 'dispatcher': initialization started
2018-Mar-06 04:38:05 AM [main] INFO  org.springframework.web.context.support.AnnotationConfigWebApplicationContext - Refreshing WebApplicationContext for namespace 'dispatcher-servlet': startup date [Tue Mar 06 04:38:05 EST 2018]; root of context hierarchy
2018-Mar-06 04:38:05 AM [main] INFO  org.springframework.web.context.support.AnnotationConfigWebApplicationContext - Registering annotated classes: [class com.team62.spring.config.WebConfig,class com.team62.spring.config.SocketConfig]
2018-Mar-06 04:38:05 AM [main] INFO  org.springframework.beans.factory.annotation.AutowiredAnnotationBeanPostProcessor - JSR-330 'javax.inject.Inject' annotation found and supported for autowiring
2018-Mar-06 04:38:05 AM [main] INFO  com.team62.spring.model.Game - Initialising new game
2018-Mar-06 04:38:05 AM [main] INFO  com.team62.spring.model.decks.AdventureDeck - Shuffling adventure deck...
2018-Mar-06 04:38:05 AM [main] INFO  com.team62.spring.model.decks.StoryDeck - Shuffling story deck...
2018-Mar-06 04:38:06 AM [main] INFO  org.springframework.web.servlet.mvc.method.annotation.RequestMappingHandlerMapping - Mapped "{[/],methods=[GET]}" onto public java.lang.String com.team62.spring.controller.ViewController.index(org.springframework.ui.ModelMap)
2018-Mar-06 04:38:06 AM [main] INFO  org.springframework.web.servlet.mvc.method.annotation.RequestMappingHandlerMapping - Mapped "{[/view2],methods=[GET]}" onto public java.lang.String com.team62.spring.controller.ViewController.view2()
2018-Mar-06 04:38:06 AM [main] INFO  org.springframework.web.servlet.mvc.method.annotation.RequestMappingHandlerMapping - Mapped "{[/welcome],methods=[GET]}" onto public org.springframework.web.servlet.ModelAndView com.team62.spring.controller.ViewController.helloWorld()
2018-Mar-06 04:38:06 AM [main] INFO  org.springframework.web.servlet.handler.SimpleUrlHandlerMapping - Mapped URL path [/resources/**] onto handler of type [class org.springframework.web.servlet.resource.ResourceHttpRequestHandler]
2018-Mar-06 04:38:06 AM [main] INFO  org.springframework.web.servlet.handler.SimpleUrlHandlerMapping - Mapped URL path [/images/**] onto handler of type [class org.springframework.web.servlet.resource.ResourceHttpRequestHandler]
2018-Mar-06 04:38:06 AM [main] INFO  org.springframework.web.servlet.mvc.method.annotation.RequestMappingHandlerAdapter - Looking for @ControllerAdvice: WebApplicationContext for namespace 'dispatcher-servlet': startup date [Tue Mar 06 04:38:05 EST 2018]; root of context hierarchy
2018-Mar-06 04:38:06 AM [main] INFO  org.springframework.web.socket.server.support.WebSocketHandlerMapping - Mapped URL path [/socketHandler] onto handler of type [class org.springframework.web.socket.server.support.WebSocketHttpRequestHandler]
2018-Mar-06 04:38:06 AM [main] INFO  org.springframework.context.support.DefaultLifecycleProcessor - Starting beans in phase 2147483647
2018-Mar-06 04:38:06 AM [main] INFO  org.springframework.web.servlet.DispatcherServlet - FrameworkServlet 'dispatcher': initialization completed in 1311 ms
2018-Mar-06 04:47:43 AM [main] INFO  org.springframework.web.servlet.DispatcherServlet - FrameworkServlet 'dispatcher': initialization started
2018-Mar-06 04:47:43 AM [main] INFO  org.springframework.web.context.support.AnnotationConfigWebApplicationContext - Refreshing WebApplicationContext for namespace 'dispatcher-servlet': startup date [Tue Mar 06 04:47:43 EST 2018]; root of context hierarchy
2018-Mar-06 04:47:43 AM [main] INFO  org.springframework.web.context.support.AnnotationConfigWebApplicationContext - Registering annotated classes: [class com.team62.spring.config.WebConfig,class com.team62.spring.config.SocketConfig]
2018-Mar-06 04:47:44 AM [main] INFO  org.springframework.beans.factory.annotation.AutowiredAnnotationBeanPostProcessor - JSR-330 'javax.inject.Inject' annotation found and supported for autowiring
2018-Mar-06 04:47:44 AM [main] INFO  com.team62.spring.model.Game - Initialising new game
2018-Mar-06 04:47:44 AM [main] INFO  com.team62.spring.model.decks.AdventureDeck - Shuffling adventure deck...
2018-Mar-06 04:47:44 AM [main] INFO  com.team62.spring.model.decks.StoryDeck - Shuffling story deck...
2018-Mar-06 04:47:44 AM [main] INFO  org.springframework.web.servlet.mvc.method.annotation.RequestMappingHandlerMapping - Mapped "{[/],methods=[GET]}" onto public java.lang.String com.team62.spring.controller.ViewController.index(org.springframework.ui.ModelMap)
2018-Mar-06 04:47:44 AM [main] INFO  org.springframework.web.servlet.mvc.method.annotation.RequestMappingHandlerMapping - Mapped "{[/view2],methods=[GET]}" onto public java.lang.String com.team62.spring.controller.ViewController.view2()
2018-Mar-06 04:47:44 AM [main] INFO  org.springframework.web.servlet.mvc.method.annotation.RequestMappingHandlerMapping - Mapped "{[/welcome],methods=[GET]}" onto public org.springframework.web.servlet.ModelAndView com.team62.spring.controller.ViewController.helloWorld()
2018-Mar-06 04:47:45 AM [main] INFO  org.springframework.web.servlet.handler.SimpleUrlHandlerMapping - Mapped URL path [/resources/**] onto handler of type [class org.springframework.web.servlet.resource.ResourceHttpRequestHandler]
2018-Mar-06 04:47:45 AM [main] INFO  org.springframework.web.servlet.handler.SimpleUrlHandlerMapping - Mapped URL path [/images/**] onto handler of type [class org.springframework.web.servlet.resource.ResourceHttpRequestHandler]
2018-Mar-06 04:47:45 AM [main] INFO  org.springframework.web.servlet.mvc.method.annotation.RequestMappingHandlerAdapter - Looking for @ControllerAdvice: WebApplicationContext for namespace 'dispatcher-servlet': startup date [Tue Mar 06 04:47:43 EST 2018]; root of context hierarchy
2018-Mar-06 04:47:45 AM [main] INFO  org.springframework.web.socket.server.support.WebSocketHandlerMapping - Mapped URL path [/socketHandler] onto handler of type [class org.springframework.web.socket.server.support.WebSocketHttpRequestHandler]
2018-Mar-06 04:47:45 AM [main] INFO  org.springframework.context.support.DefaultLifecycleProcessor - Starting beans in phase 2147483647
2018-Mar-06 04:47:45 AM [main] INFO  org.springframework.web.servlet.DispatcherServlet - FrameworkServlet 'dispatcher': initialization completed in 1968 ms
2018-Mar-06 04:48:08 AM [qtp738590621-17] INFO  com.team62.spring.websocket.SocketHandler - Player attempting to connect...
2018-Mar-06 04:48:08 AM [qtp738590621-17] INFO  com.team62.spring.websocket.SocketHandler - Player #edb73fd connected
2018-Mar-06 04:48:18 AM [qtp738590621-20] INFO  com.team62.spring.websocket.SocketHandler - Player player 1 is enrolled in the quest
2018-Mar-06 04:48:22 AM [qtp738590621-25] INFO  com.team62.spring.websocket.SocketHandler - Player attempting to connect...
2018-Mar-06 04:48:22 AM [qtp738590621-25] INFO  com.team62.spring.websocket.SocketHandler - Player #42b4c0be connected
2018-Mar-06 04:48:27 AM [qtp738590621-20] INFO  com.team62.spring.websocket.SocketHandler - Player player 2 is enrolled in the quest
2018-Mar-06 04:48:31 AM [qtp738590621-15] INFO  com.team62.spring.websocket.SocketHandler - Player attempting to connect...
2018-Mar-06 04:48:31 AM [qtp738590621-15] INFO  com.team62.spring.websocket.SocketHandler - Player #3644fd23 connected
2018-Mar-06 04:48:36 AM [qtp738590621-20] INFO  com.team62.spring.websocket.SocketHandler - Player player 3 is enrolled in the quest
2018-Mar-06 04:48:39 AM [qtp738590621-25] INFO  com.team62.spring.websocket.SocketHandler - Player attempting to connect...
2018-Mar-06 04:48:39 AM [qtp738590621-25] INFO  com.team62.spring.websocket.SocketHandler - Player #6d44cffe connected
2018-Mar-06 04:48:44 AM [qtp738590621-20] INFO  com.team62.spring.websocket.SocketHandler - Player player 4 is enrolled in the quest
2018-Mar-06 04:48:44 AM [qtp738590621-20] INFO  com.team62.spring.websocket.SocketHandler - All 4 players connected, starting game....
2018-Mar-06 04:48:44 AM [qtp738590621-20] INFO  com.team62.spring.websocket.SocketHandler - Flipping first card from story deck: Boar Hunt
2018-Mar-06 04:48:57 AM [qtp738590621-15] INFO  com.team62.spring.websocket.SocketHandler - It is player 2's turn
2018-Mar-06 04:48:57 AM [qtp738590621-20] INFO  com.team62.spring.websocket.SocketHandler - player 1 denied to sponsor quest
2018-Mar-06 04:49:02 AM [qtp738590621-25] INFO  com.team62.spring.websocket.SocketHandler - It is player 3's turn
2018-Mar-06 04:49:03 AM [qtp738590621-20] INFO  com.team62.spring.websocket.SocketHandler - player 2 denied to sponsor quest
2018-Mar-06 04:49:07 AM [qtp738590621-15] INFO  com.team62.spring.websocket.SocketHandler - It is player 4's turn
2018-Mar-06 04:49:07 AM [qtp738590621-20] INFO  com.team62.spring.websocket.SocketHandler - player 3 denied to sponsor quest
2018-Mar-06 04:49:11 AM [qtp738590621-25] INFO  com.team62.spring.websocket.SocketHandler - It is player 1's turn
2018-Mar-06 04:49:11 AM [qtp738590621-17] INFO  com.team62.spring.websocket.SocketHandler - Flipped card from Story Deck: At Camelot
2018-Mar-06 09:13:15 AM [main] INFO  org.springframework.web.servlet.DispatcherServlet - FrameworkServlet 'dispatcher': initialization started
2018-Mar-06 09:13:15 AM [main] INFO  org.springframework.web.context.support.AnnotationConfigWebApplicationContext - Refreshing WebApplicationContext for namespace 'dispatcher-servlet': startup date [Tue Mar 06 09:13:15 EST 2018]; root of context hierarchy
2018-Mar-06 09:13:15 AM [main] INFO  org.springframework.web.context.support.AnnotationConfigWebApplicationContext - Registering annotated classes: [class com.team62.spring.config.WebConfig,class com.team62.spring.config.SocketConfig]
2018-Mar-06 09:13:16 AM [main] INFO  org.springframework.beans.factory.annotation.AutowiredAnnotationBeanPostProcessor - JSR-330 'javax.inject.Inject' annotation found and supported for autowiring
2018-Mar-06 09:13:16 AM [main] INFO  com.team62.spring.model.Game - Initialising new game
2018-Mar-06 09:13:16 AM [main] INFO  com.team62.spring.model.decks.AdventureDeck - Shuffling adventure deck...
2018-Mar-06 09:13:16 AM [main] INFO  com.team62.spring.model.decks.StoryDeck - Shuffling story deck...
2018-Mar-06 09:13:16 AM [main] INFO  org.springframework.web.servlet.mvc.method.annotation.RequestMappingHandlerMapping - Mapped "{[/],methods=[GET]}" onto public java.lang.String com.team62.spring.controller.ViewController.index(org.springframework.ui.ModelMap)
2018-Mar-06 09:13:16 AM [main] INFO  org.springframework.web.servlet.mvc.method.annotation.RequestMappingHandlerMapping - Mapped "{[/view2],methods=[GET]}" onto public java.lang.String com.team62.spring.controller.ViewController.view2()
2018-Mar-06 09:13:16 AM [main] INFO  org.springframework.web.servlet.mvc.method.annotation.RequestMappingHandlerMapping - Mapped "{[/welcome],methods=[GET]}" onto public org.springframework.web.servlet.ModelAndView com.team62.spring.controller.ViewController.helloWorld()
2018-Mar-06 09:13:16 AM [main] INFO  org.springframework.web.servlet.handler.SimpleUrlHandlerMapping - Mapped URL path [/resources/**] onto handler of type [class org.springframework.web.servlet.resource.ResourceHttpRequestHandler]
2018-Mar-06 09:13:16 AM [main] INFO  org.springframework.web.servlet.handler.SimpleUrlHandlerMapping - Mapped URL path [/images/**] onto handler of type [class org.springframework.web.servlet.resource.ResourceHttpRequestHandler]
2018-Mar-06 09:13:16 AM [main] INFO  org.springframework.web.servlet.mvc.method.annotation.RequestMappingHandlerAdapter - Looking for @ControllerAdvice: WebApplicationContext for namespace 'dispatcher-servlet': startup date [Tue Mar 06 09:13:15 EST 2018]; root of context hierarchy
2018-Mar-06 09:13:16 AM [main] INFO  org.springframework.web.socket.server.support.WebSocketHandlerMapping - Mapped URL path [/socketHandler] onto handler of type [class org.springframework.web.socket.server.support.WebSocketHttpRequestHandler]
2018-Mar-06 09:13:16 AM [main] INFO  org.springframework.context.support.DefaultLifecycleProcessor - Starting beans in phase 2147483647
2018-Mar-06 09:13:16 AM [main] INFO  org.springframework.web.servlet.DispatcherServlet - FrameworkServlet 'dispatcher': initialization completed in 936 ms
2018-Mar-06 09:13:49 AM [qtp738590621-26] INFO  com.team62.spring.websocket.SocketHandler - Player attempting to connect...
2018-Mar-06 09:13:49 AM [qtp738590621-26] INFO  com.team62.spring.websocket.SocketHandler - Player #122dd816 connected
2018-Mar-06 09:19:43 AM [main] INFO  org.springframework.web.servlet.DispatcherServlet - FrameworkServlet 'dispatcher': initialization started
2018-Mar-06 09:19:43 AM [main] INFO  org.springframework.web.context.support.AnnotationConfigWebApplicationContext - Refreshing WebApplicationContext for namespace 'dispatcher-servlet': startup date [Tue Mar 06 09:19:43 EST 2018]; root of context hierarchy
2018-Mar-06 09:19:43 AM [main] INFO  org.springframework.web.context.support.AnnotationConfigWebApplicationContext - Registering annotated classes: [class com.team62.spring.config.WebConfig,class com.team62.spring.config.SocketConfig]
2018-Mar-06 09:19:43 AM [main] INFO  org.springframework.beans.factory.annotation.AutowiredAnnotationBeanPostProcessor - JSR-330 'javax.inject.Inject' annotation found and supported for autowiring
2018-Mar-06 09:19:43 AM [main] INFO  com.team62.spring.model.Game - Initialising new game
2018-Mar-06 09:19:43 AM [main] INFO  com.team62.spring.model.decks.AdventureDeck - Shuffling adventure deck...
2018-Mar-06 09:19:43 AM [main] INFO  com.team62.spring.model.decks.StoryDeck - Shuffling story deck...
2018-Mar-06 09:19:44 AM [main] INFO  org.springframework.web.servlet.mvc.method.annotation.RequestMappingHandlerMapping - Mapped "{[/],methods=[GET]}" onto public java.lang.String com.team62.spring.controller.ViewController.index(org.springframework.ui.ModelMap)
2018-Mar-06 09:19:44 AM [main] INFO  org.springframework.web.servlet.mvc.method.annotation.RequestMappingHandlerMapping - Mapped "{[/welcome],methods=[GET]}" onto public org.springframework.web.servlet.ModelAndView com.team62.spring.controller.ViewController.helloWorld()
2018-Mar-06 09:19:44 AM [main] INFO  org.springframework.web.servlet.mvc.method.annotation.RequestMappingHandlerMapping - Mapped "{[/view2],methods=[GET]}" onto public java.lang.String com.team62.spring.controller.ViewController.view2()
2018-Mar-06 09:19:44 AM [main] INFO  org.springframework.web.servlet.handler.SimpleUrlHandlerMapping - Mapped URL path [/resources/**] onto handler of type [class org.springframework.web.servlet.resource.ResourceHttpRequestHandler]
2018-Mar-06 09:19:44 AM [main] INFO  org.springframework.web.servlet.handler.SimpleUrlHandlerMapping - Mapped URL path [/images/**] onto handler of type [class org.springframework.web.servlet.resource.ResourceHttpRequestHandler]
2018-Mar-06 09:19:44 AM [main] INFO  org.springframework.web.servlet.mvc.method.annotation.RequestMappingHandlerAdapter - Looking for @ControllerAdvice: WebApplicationContext for namespace 'dispatcher-servlet': startup date [Tue Mar 06 09:19:43 EST 2018]; root of context hierarchy
2018-Mar-06 09:19:44 AM [main] INFO  org.springframework.web.socket.server.support.WebSocketHandlerMapping - Mapped URL path [/socketHandler] onto handler of type [class org.springframework.web.socket.server.support.WebSocketHttpRequestHandler]
2018-Mar-06 09:19:44 AM [main] INFO  org.springframework.context.support.DefaultLifecycleProcessor - Starting beans in phase 2147483647
2018-Mar-06 09:19:44 AM [main] INFO  org.springframework.web.servlet.DispatcherServlet - FrameworkServlet 'dispatcher': initialization completed in 1697 ms
2018-Mar-06 09:19:59 AM [qtp646410842-25] INFO  com.team62.spring.websocket.SocketHandler - Player attempting to connect...
2018-Mar-06 09:19:59 AM [qtp646410842-25] INFO  com.team62.spring.websocket.SocketHandler - Player #6c0edd26 connected
2018-Mar-06 09:20:04 AM [qtp646410842-19] INFO  com.team62.spring.websocket.SocketHandler - Player p1 is enrolled in the quest
2018-Mar-06 09:20:08 AM [qtp646410842-17] INFO  com.team62.spring.websocket.SocketHandler - Player attempting to connect...
2018-Mar-06 09:20:08 AM [qtp646410842-17] INFO  com.team62.spring.websocket.SocketHandler - Player #1a281af connected
2018-Mar-06 09:20:10 AM [qtp646410842-19] INFO  com.team62.spring.websocket.SocketHandler - Player p2 is enrolled in the quest
2018-Mar-06 09:20:12 AM [qtp646410842-17] INFO  com.team62.spring.websocket.SocketHandler - Player attempting to connect...
2018-Mar-06 09:20:12 AM [qtp646410842-17] INFO  com.team62.spring.websocket.SocketHandler - Player #72640e7 connected
2018-Mar-06 09:20:14 AM [qtp646410842-25] INFO  com.team62.spring.websocket.SocketHandler - Player p3 is enrolled in the quest
2018-Mar-06 09:20:16 AM [qtp646410842-19] INFO  com.team62.spring.websocket.SocketHandler - Player attempting to connect...
2018-Mar-06 09:20:16 AM [qtp646410842-19] INFO  com.team62.spring.websocket.SocketHandler - Player #742caceb connected
2018-Mar-06 09:20:20 AM [qtp646410842-25] INFO  com.team62.spring.websocket.SocketHandler - Player p4 is enrolled in the quest
2018-Mar-06 09:20:20 AM [qtp646410842-25] INFO  com.team62.spring.websocket.SocketHandler - All 4 players connected, starting game....
2018-Mar-06 09:20:20 AM [qtp646410842-25] INFO  com.team62.spring.websocket.SocketHandler - Flipping first card from story deck: Boar Hunt
2018-Mar-06 09:20:33 AM [qtp646410842-25] INFO  com.team62.spring.websocket.SocketHandler - It is p2's turn
2018-Mar-06 09:20:33 AM [qtp646410842-25] INFO  com.team62.spring.websocket.SocketHandler - p1 denied to sponsor quest
2018-Mar-06 09:20:37 AM [qtp646410842-19] INFO  com.team62.spring.websocket.SocketHandler - It is p3's turn
2018-Mar-06 09:20:37 AM [qtp646410842-25] INFO  com.team62.spring.websocket.SocketHandler - p2 denied to sponsor quest
2018-Mar-06 09:20:40 AM [qtp646410842-19] INFO  com.team62.spring.websocket.SocketHandler - It is p4's turn
2018-Mar-06 09:20:40 AM [qtp646410842-19] INFO  com.team62.spring.websocket.SocketHandler - p3 denied to sponsor quest
2018-Mar-06 09:20:44 AM [qtp646410842-17] INFO  com.team62.spring.websocket.SocketHandler - It is p1's turn
2018-Mar-06 09:20:44 AM [qtp646410842-17] INFO  com.team62.spring.websocket.SocketHandler - Flipped card from Story Deck: Test of the Green Knight
2018-Mar-06 16:24:55 PM [main] INFO  org.springframework.web.servlet.DispatcherServlet - FrameworkServlet 'dispatcher': initialization started
2018-Mar-06 16:24:55 PM [main] INFO  org.springframework.web.context.support.AnnotationConfigWebApplicationContext - Refreshing WebApplicationContext for namespace 'dispatcher-servlet': startup date [Tue Mar 06 16:24:55 EST 2018]; root of context hierarchy
2018-Mar-06 16:24:55 PM [main] INFO  org.springframework.web.context.support.AnnotationConfigWebApplicationContext - Registering annotated classes: [class com.team62.spring.config.WebConfig,class com.team62.spring.config.SocketConfig]
2018-Mar-06 16:24:56 PM [main] INFO  org.springframework.beans.factory.annotation.AutowiredAnnotationBeanPostProcessor - JSR-330 'javax.inject.Inject' annotation found and supported for autowiring
2018-Mar-06 16:24:56 PM [main] INFO  com.team62.spring.model.Game - Initialising new game
2018-Mar-06 16:24:56 PM [main] INFO  com.team62.spring.model.decks.AdventureDeck - Shuffling adventure deck...
2018-Mar-06 16:24:56 PM [main] INFO  com.team62.spring.model.decks.StoryDeck - Shuffling story deck...
2018-Mar-06 16:24:56 PM [main] INFO  org.springframework.web.servlet.mvc.method.annotation.RequestMappingHandlerMapping - Mapped "{[/],methods=[GET]}" onto public java.lang.String com.team62.spring.controller.ViewController.index(org.springframework.ui.ModelMap)
2018-Mar-06 16:24:56 PM [main] INFO  org.springframework.web.servlet.mvc.method.annotation.RequestMappingHandlerMapping - Mapped "{[/view2],methods=[GET]}" onto public java.lang.String com.team62.spring.controller.ViewController.view2()
2018-Mar-06 16:24:56 PM [main] INFO  org.springframework.web.servlet.mvc.method.annotation.RequestMappingHandlerMapping - Mapped "{[/welcome],methods=[GET]}" onto public org.springframework.web.servlet.ModelAndView com.team62.spring.controller.ViewController.helloWorld()
2018-Mar-06 16:24:56 PM [main] INFO  org.springframework.web.servlet.handler.SimpleUrlHandlerMapping - Mapped URL path [/resources/**] onto handler of type [class org.springframework.web.servlet.resource.ResourceHttpRequestHandler]
2018-Mar-06 16:24:56 PM [main] INFO  org.springframework.web.servlet.handler.SimpleUrlHandlerMapping - Mapped URL path [/images/**] onto handler of type [class org.springframework.web.servlet.resource.ResourceHttpRequestHandler]
2018-Mar-06 16:24:56 PM [main] INFO  org.springframework.web.servlet.mvc.method.annotation.RequestMappingHandlerAdapter - Looking for @ControllerAdvice: WebApplicationContext for namespace 'dispatcher-servlet': startup date [Tue Mar 06 16:24:55 EST 2018]; root of context hierarchy
2018-Mar-06 16:24:56 PM [main] INFO  org.springframework.web.socket.server.support.WebSocketHandlerMapping - Mapped URL path [/socketHandler] onto handler of type [class org.springframework.web.socket.server.support.WebSocketHttpRequestHandler]
2018-Mar-06 16:24:56 PM [main] INFO  org.springframework.context.support.DefaultLifecycleProcessor - Starting beans in phase 2147483647
2018-Mar-06 16:24:56 PM [main] INFO  org.springframework.web.servlet.DispatcherServlet - FrameworkServlet 'dispatcher': initialization completed in 948 ms
2018-Mar-06 16:26:16 PM [qtp646410842-16] INFO  com.team62.spring.websocket.SocketHandler - Player attempting to connect...
2018-Mar-06 16:26:16 PM [qtp646410842-16] INFO  com.team62.spring.websocket.SocketHandler - Player #1f8b5747 connected
2018-Mar-06 16:26:19 PM [qtp646410842-16] INFO  com.team62.spring.websocket.SocketHandler - Player 1 is enrolled in the quest
2018-Mar-06 16:26:40 PM [qtp646410842-17] INFO  com.team62.spring.websocket.SocketHandler - Player attempting to connect...
2018-Mar-06 16:26:40 PM [qtp646410842-17] INFO  com.team62.spring.websocket.SocketHandler - Player #dfd9747 connected
2018-Mar-06 16:26:43 PM [qtp646410842-24] INFO  com.team62.spring.websocket.SocketHandler - Player 2 is enrolled in the quest
2018-Mar-06 16:27:20 PM [qtp646410842-20] INFO  com.team62.spring.websocket.SocketHandler - Player attempting to connect...
2018-Mar-06 16:27:20 PM [qtp646410842-20] INFO  com.team62.spring.websocket.SocketHandler - Player #565976b2 connected
2018-Mar-06 16:27:33 PM [qtp646410842-17] INFO  com.team62.spring.websocket.SocketHandler - Player p3 is enrolled in the quest
2018-Mar-06 16:27:38 PM [qtp646410842-16] INFO  com.team62.spring.websocket.SocketHandler - Player attempting to connect...
2018-Mar-06 16:27:38 PM [qtp646410842-16] INFO  com.team62.spring.websocket.SocketHandler - Player #6ee4556f connected
2018-Mar-06 16:27:40 PM [qtp646410842-20] INFO  com.team62.spring.websocket.SocketHandler - Player p4 is enrolled in the quest
2018-Mar-06 16:27:40 PM [qtp646410842-20] INFO  com.team62.spring.websocket.SocketHandler - All 4 players connected, starting game....
2018-Mar-06 16:27:40 PM [qtp646410842-20] INFO  com.team62.spring.websocket.SocketHandler - Flipping first card from story deck: Boar Hunt
2018-Mar-06 16:27:45 PM [qtp646410842-30] INFO  com.team62.spring.websocket.SocketHandler - Player attempting to connect...
2018-Mar-06 16:27:45 PM [qtp646410842-30] INFO  com.team62.spring.websocket.SocketHandler - A player got denied entry to game, already full
2018-Mar-06 16:27:59 PM [qtp646410842-16] INFO  com.team62.spring.websocket.SocketHandler - It is 2's turn
2018-Mar-06 16:27:59 PM [qtp646410842-30] INFO  com.team62.spring.websocket.SocketHandler - 1 denied to sponsor quest
2018-Mar-06 16:28:02 PM [qtp646410842-16] INFO  com.team62.spring.websocket.SocketHandler - It is p3's turn
2018-Mar-06 16:28:02 PM [qtp646410842-16] INFO  com.team62.spring.websocket.SocketHandler - 2 denied to sponsor quest
2018-Mar-06 16:28:04 PM [qtp646410842-30] INFO  com.team62.spring.websocket.SocketHandler - It is p4's turn
2018-Mar-06 16:28:04 PM [qtp646410842-30] INFO  com.team62.spring.websocket.SocketHandler - p3 denied to sponsor quest
2018-Mar-06 16:28:06 PM [qtp646410842-16] INFO  com.team62.spring.websocket.SocketHandler - It is 1's turn
2018-Mar-06 16:28:06 PM [qtp646410842-16] INFO  com.team62.spring.websocket.SocketHandler - Flipped card from Story Deck: Prosperity Throughout the Realm
